<?xml version="1.0" encoding="UTF-8"?>
<testsuite xmlns:xsi="http://www.w3.org/2001/XMLSchema-instance" xsi:noNamespaceSchemaLocation="https://maven.apache.org/surefire/maven-surefire-plugin/xsd/surefire-test-report.xsd" version="3.0.1" name="com.alechenninger.parsec.AppTest" time="9.721" tests="2" errors="0" skipped="0" failures="0">
  <properties>
    <property name="java.specification.version" value="25"/>
    <property name="sun.jnu.encoding" value="UTF-8"/>
    <property name="java.class.path" value="/Users/ahenning/Code/github.com/alechenninger/parsec-keycloak/target/test-classes:/Users/ahenning/Code/github.com/alechenninger/parsec-keycloak/target/classes:/Users/ahenning/.m2/repository/org/keycloak/keycloak-quarkus-server/26.3.5/keycloak-quarkus-server-26.3.5.jar:/Users/ahenning/.m2/repository/io/quarkus/quarkus-vertx-http/3.20.3/quarkus-vertx-http-3.20.3.jar:/Users/ahenning/.m2/repository/io/quarkus/quarkus-security-runtime-spi/3.20.3/quarkus-security-runtime-spi-3.20.3.jar:/Users/ahenning/.m2/repository/io/quarkus/quarkus-tls-registry/3.20.3/quarkus-tls-registry-3.20.3.jar:/Users/ahenning/.m2/repository/io/smallrye/certs/smallrye-private-key-pem-parser/0.9.2/smallrye-private-key-pem-parser-0.9.2.jar:/Users/ahenning/.m2/repository/io/quarkus/quarkus-credentials/3.20.3/quarkus-credentials-3.20.3.jar:/Users/ahenning/.m2/repository/io/quarkus/arc/arc/3.20.3/arc-3.20.3.jar:/Users/ahenning/.m2/repository/io/quarkus/quarkus-mutiny/3.20.3/quarkus-mutiny-3.20.3.jar:/Users/ahenning/.m2/repository/io/smallrye/reactive/mutiny/2.9.4/mutiny-2.9.4.jar:/Users/ahenning/.m2/repository/org/jctools/jctools-core/4.0.5/jctools-core-4.0.5.jar:/Users/ahenning/.m2/repository/io/quarkus/quarkus-smallrye-context-propagation/3.20.3/quarkus-smallrye-context-propagation-3.20.3.jar:/Users/ahenning/.m2/repository/io/smallrye/smallrye-context-propagation/2.2.1/smallrye-context-propagation-2.2.1.jar:/Users/ahenning/.m2/repository/io/smallrye/smallrye-context-propagation-api/2.2.1/smallrye-context-propagation-api-2.2.1.jar:/Users/ahenning/.m2/repository/io/smallrye/smallrye-context-propagation-storage/2.2.1/smallrye-context-propagation-storage-2.2.1.jar:/Users/ahenning/.m2/repository/io/smallrye/reactive/mutiny-smallrye-context-propagation/2.9.4/mutiny-smallrye-context-propagation-2.9.4.jar:/Users/ahenning/.m2/repository/io/smallrye/common/smallrye-common-vertx-context/2.12.0/smallrye-common-vertx-context-2.12.0.jar:/Users/ahenning/.m2/repository/io/vertx/vertx-core/4.5.14/vertx-core-4.5.14.jar:/Users/ahenning/.m2/repository/io/netty/netty-common/4.1.118.Final/netty-common-4.1.118.Final.jar:/Users/ahenning/.m2/repository/io/netty/netty-handler-proxy/4.1.118.Final/netty-handler-proxy-4.1.118.Final.jar:/Users/ahenning/.m2/repository/io/netty/netty-codec-socks/4.1.118.Final/netty-codec-socks-4.1.118.Final.jar:/Users/ahenning/.m2/repository/io/netty/netty-resolver/4.1.118.Final/netty-resolver-4.1.118.Final.jar:/Users/ahenning/.m2/repository/io/smallrye/common/smallrye-common-constraint/2.12.0/smallrye-common-constraint-2.12.0.jar:/Users/ahenning/.m2/repository/io/quarkus/security/quarkus-security/2.2.1/quarkus-security-2.2.1.jar:/Users/ahenning/.m2/repository/io/smallrye/reactive/smallrye-mutiny-vertx-web/3.19.2/smallrye-mutiny-vertx-web-3.19.2.jar:/Users/ahenning/.m2/repository/io/smallrye/reactive/smallrye-mutiny-vertx-web-common/3.19.2/smallrye-mutiny-vertx-web-common-3.19.2.jar:/Users/ahenning/.m2/repository/io/smallrye/reactive/smallrye-mutiny-vertx-auth-common/3.19.2/smallrye-mutiny-vertx-auth-common-3.19.2.jar:/Users/ahenning/.m2/repository/io/smallrye/reactive/smallrye-mutiny-vertx-bridge-common/3.19.2/smallrye-mutiny-vertx-bridge-common-3.19.2.jar:/Users/ahenning/.m2/repository/io/smallrye/reactive/smallrye-mutiny-vertx-uri-template/3.19.2/smallrye-mutiny-vertx-uri-template-3.19.2.jar:/Users/ahenning/.m2/repository/io/vertx/vertx-web/4.5.21/vertx-web-4.5.21.jar:/Users/ahenning/.m2/repository/io/vertx/vertx-web-common/4.5.21/vertx-web-common-4.5.21.jar:/Users/ahenning/.m2/repository/io/vertx/vertx-auth-common/4.5.21/vertx-auth-common-4.5.21.jar:/Users/ahenning/.m2/repository/io/vertx/vertx-bridge-common/4.5.21/vertx-bridge-common-4.5.21.jar:/Users/ahenning/.m2/repository/io/github/crac/org-crac/0.1.3/org-crac-0.1.3.jar:/Users/ahenning/.m2/repository/com/aayushatharva/brotli4j/brotli4j/1.16.0/brotli4j-1.16.0.jar:/Users/ahenning/.m2/repository/com/aayushatharva/brotli4j/service/1.16.0/service-1.16.0.jar:/Users/ahenning/.m2/repository/com/aayushatharva/brotli4j/native-osx-aarch64/1.16.0/native-osx-aarch64-1.16.0.jar:/Users/ahenning/.m2/repository/io/quarkus/quarkus-vertx/3.20.3/quarkus-vertx-3.20.3.jar:/Users/ahenning/.m2/repository/io/quarkus/quarkus-arc/3.20.3/quarkus-arc-3.20.3.jar:/Users/ahenning/.m2/repository/org/eclipse/microprofile/context-propagation/microprofile-context-propagation-api/1.3/microprofile-context-propagation-api-1.3.jar:/Users/ahenning/.m2/repository/io/quarkus/quarkus-netty/3.20.3/quarkus-netty-3.20.3.jar:/Users/ahenning/.m2/repository/io/netty/netty-codec/4.1.127.Final/netty-codec-4.1.127.Final.jar:/Users/ahenning/.m2/repository/io/netty/netty-codec-http/4.1.127.Final/netty-codec-http-4.1.127.Final.jar:/Users/ahenning/.m2/repository/io/netty/netty-codec-http2/4.1.127.Final/netty-codec-http2-4.1.127.Final.jar:/Users/ahenning/.m2/repository/io/netty/netty-handler/4.1.127.Final/netty-handler-4.1.127.Final.jar:/Users/ahenning/.m2/repository/io/netty/netty-transport-native-unix-common/4.1.127.Final/netty-transport-native-unix-common-4.1.127.Final.jar:/Users/ahenning/.m2/repository/io/netty/netty-codec-haproxy/4.1.127.Final/netty-codec-haproxy-4.1.127.Final.jar:/Users/ahenning/.m2/repository/io/netty/netty-buffer/4.1.127.Final/netty-buffer-4.1.127.Final.jar:/Users/ahenning/.m2/repository/io/netty/netty-transport/4.1.127.Final/netty-transport-4.1.127.Final.jar:/Users/ahenning/.m2/repository/io/smallrye/common/smallrye-common-annotation/2.12.0/smallrye-common-annotation-2.12.0.jar:/Users/ahenning/.m2/repository/io/quarkus/quarkus-virtual-threads/3.20.3/quarkus-virtual-threads-3.20.3.jar:/Users/ahenning/.m2/repository/io/quarkus/quarkus-vertx-latebound-mdc-provider/3.20.3/quarkus-vertx-latebound-mdc-provider-3.20.3.jar:/Users/ahenning/.m2/repository/io/smallrye/reactive/smallrye-mutiny-vertx-core/3.19.2/smallrye-mutiny-vertx-core-3.19.2.jar:/Users/ahenning/.m2/repository/io/smallrye/reactive/smallrye-mutiny-vertx-runtime/3.19.2/smallrye-mutiny-vertx-runtime-3.19.2.jar:/Users/ahenning/.m2/repository/io/smallrye/reactive/vertx-mutiny-generator/3.19.2/vertx-mutiny-generator-3.19.2.jar:/Users/ahenning/.m2/repository/io/vertx/vertx-codegen/4.5.16/vertx-codegen-4.5.16.jar:/Users/ahenning/.m2/repository/io/smallrye/smallrye-fault-tolerance-vertx/6.9.2/smallrye-fault-tolerance-vertx-6.9.2.jar:/Users/ahenning/.m2/repository/io/quarkus/quarkus-reactive-routes/3.20.3/quarkus-reactive-routes-3.20.3.jar:/Users/ahenning/.m2/repository/io/quarkus/quarkus-jackson/3.20.3/quarkus-jackson-3.20.3.jar:/Users/ahenning/.m2/repository/com/fasterxml/jackson/core/jackson-databind/2.18.2/jackson-databind-2.18.2.jar:/Users/ahenning/.m2/repository/com/fasterxml/jackson/datatype/jackson-datatype-jsr310/2.18.2/jackson-datatype-jsr310-2.18.2.jar:/Users/ahenning/.m2/repository/com/fasterxml/jackson/datatype/jackson-datatype-jdk8/2.18.2/jackson-datatype-jdk8-2.18.2.jar:/Users/ahenning/.m2/repository/com/fasterxml/jackson/module/jackson-module-parameter-names/2.18.2/jackson-module-parameter-names-2.18.2.jar:/Users/ahenning/.m2/repository/jakarta/enterprise/jakarta.enterprise.cdi-api/4.1.0/jakarta.enterprise.cdi-api-4.1.0.jar:/Users/ahenning/.m2/repository/jakarta/enterprise/jakarta.enterprise.lang-model/4.1.0/jakarta.enterprise.lang-model-4.1.0.jar:/Users/ahenning/.m2/repository/jakarta/el/jakarta.el-api/6.0.0/jakarta.el-api-6.0.0.jar:/Users/ahenning/.m2/repository/jakarta/interceptor/jakarta.interceptor-api/2.2.0/jakarta.interceptor-api-2.2.0.jar:/Users/ahenning/.m2/repository/io/quarkus/quarkus-rest/3.20.3/quarkus-rest-3.20.3.jar:/Users/ahenning/.m2/repository/io/quarkus/quarkus-rest-common/3.20.3/quarkus-rest-common-3.20.3.jar:/Users/ahenning/.m2/repository/io/quarkus/resteasy/reactive/resteasy-reactive-common/3.20.3/resteasy-reactive-common-3.20.3.jar:/Users/ahenning/.m2/repository/io/quarkus/resteasy/reactive/resteasy-reactive-common-types/3.20.3/resteasy-reactive-common-types-3.20.3.jar:/Users/ahenning/.m2/repository/io/quarkus/resteasy/reactive/resteasy-reactive-vertx/3.20.3/resteasy-reactive-vertx-3.20.3.jar:/Users/ahenning/.m2/repository/io/quarkus/resteasy/reactive/resteasy-reactive/3.20.3/resteasy-reactive-3.20.3.jar:/Users/ahenning/.m2/repository/io/quarkus/vertx/utils/quarkus-vertx-utils/3.20.3/quarkus-vertx-utils-3.20.3.jar:/Users/ahenning/.m2/repository/io/quarkus/quarkus-jsonp/3.20.3/quarkus-jsonp-3.20.3.jar:/Users/ahenning/.m2/repository/org/eclipse/parsson/parsson/1.1.7/parsson-1.1.7.jar:/Users/ahenning/.m2/repository/io/quarkus/quarkus-rest-jackson/3.20.3/quarkus-rest-jackson-3.20.3.jar:/Users/ahenning/.m2/repository/io/quarkus/quarkus-rest-jackson-common/3.20.3/quarkus-rest-jackson-common-3.20.3.jar:/Users/ahenning/.m2/repository/io/quarkus/resteasy/reactive/resteasy-reactive-jackson/3.20.3/resteasy-reactive-jackson-3.20.3.jar:/Users/ahenning/.m2/repository/io/quarkus/quarkus-hibernate-orm/3.20.3/quarkus-hibernate-orm-3.20.3.jar:/Users/ahenning/.m2/repository/io/quarkus/quarkus-narayana-jta/3.20.3/quarkus-narayana-jta-3.20.3.jar:/Users/ahenning/.m2/repository/io/quarkus/quarkus-transaction-annotations/3.20.3/quarkus-transaction-annotations-3.20.3.jar:/Users/ahenning/.m2/repository/io/quarkus/quarkus-datasource-common/3.20.3/quarkus-datasource-common-3.20.3.jar:/Users/ahenning/.m2/repository/io/smallrye/smallrye-context-propagation-jta/2.2.1/smallrye-context-propagation-jta-2.2.1.jar:/Users/ahenning/.m2/repository/io/smallrye/reactive/smallrye-reactive-converter-api/3.0.3/smallrye-reactive-converter-api-3.0.3.jar:/Users/ahenning/.m2/repository/io/smallrye/reactive/smallrye-reactive-converter-mutiny/3.0.3/smallrye-reactive-converter-mutiny-3.0.3.jar:/Users/ahenning/.m2/repository/io/smallrye/reactive/mutiny-zero-flow-adapters/1.1.1/mutiny-zero-flow-adapters-1.1.1.jar:/Users/ahenning/.m2/repository/org/jboss/narayana/jta/narayana-jta/7.2.2.Final/narayana-jta-7.2.2.Final.jar:/Users/ahenning/.m2/repository/jakarta/resource/jakarta.resource-api/2.0.0/jakarta.resource-api-2.0.0.jar:/Users/ahenning/.m2/repository/org/jboss/invocation/jboss-invocation/2.0.0.Final/jboss-invocation-2.0.0.Final.jar:/Users/ahenning/.m2/repository/org/eclipse/microprofile/reactive-streams-operators/microprofile-reactive-streams-operators-api/3.0/microprofile-reactive-streams-operators-api-3.0.jar:/Users/ahenning/.m2/repository/org/jboss/narayana/jts/narayana-jts-integration/7.2.2.Final/narayana-jts-integration-7.2.2.Final.jar:/Users/ahenning/.m2/repository/org/hibernate/orm/hibernate-core/6.6.28.Final/hibernate-core-6.6.28.Final.jar:/Users/ahenning/.m2/repository/com/fasterxml/classmate/1.5.1/classmate-1.5.1.jar:/Users/ahenning/.m2/repository/org/hibernate/common/hibernate-commons-annotations/7.0.3.Final/hibernate-commons-annotations-7.0.3.Final.jar:/Users/ahenning/.m2/repository/org/hibernate/orm/hibernate-graalvm/6.6.28.Final/hibernate-graalvm-6.6.28.Final.jar:/Users/ahenning/.m2/repository/org/glassfish/jaxb/jaxb-runtime/4.0.5/jaxb-runtime-4.0.5.jar:/Users/ahenning/.m2/repository/org/glassfish/jaxb/jaxb-core/4.0.5/jaxb-core-4.0.5.jar:/Users/ahenning/.m2/repository/jakarta/persistence/jakarta.persistence-api/3.1.0/jakarta.persistence-api-3.1.0.jar:/Users/ahenning/.m2/repository/org/hibernate/quarkus-local-cache/0.3.1/quarkus-local-cache-0.3.1.jar:/Users/ahenning/.m2/repository/io/quarkus/quarkus-caffeine/3.20.3/quarkus-caffeine-3.20.3.jar:/Users/ahenning/.m2/repository/io/quarkus/quarkus-agroal/3.20.3/quarkus-agroal-3.20.3.jar:/Users/ahenning/.m2/repository/io/quarkus/quarkus-datasource/3.20.3/quarkus-datasource-3.20.3.jar:/Users/ahenning/.m2/repository/io/agroal/agroal-api/2.7.1/agroal-api-2.7.1.jar:/Users/ahenning/.m2/repository/io/agroal/agroal-narayana/2.7.1/agroal-narayana-2.7.1.jar:/Users/ahenning/.m2/repository/org/jboss/jboss-transaction-spi/8.0.0.Final/jboss-transaction-spi-8.0.0.Final.jar:/Users/ahenning/.m2/repository/io/agroal/agroal-pool/2.7.1/agroal-pool-2.7.1.jar:/Users/ahenning/.m2/repository/io/quarkus/quarkus-jdbc-h2/3.20.3/quarkus-jdbc-h2-3.20.3.jar:/Users/ahenning/.m2/repository/com/h2database/h2/2.3.230/h2-2.3.230.jar:/Users/ahenning/.m2/repository/org/locationtech/jts/jts-core/1.19.0/jts-core-1.19.0.jar:/Users/ahenning/.m2/repository/io/quarkus/quarkus-jdbc-postgresql/3.20.3/quarkus-jdbc-postgresql-3.20.3.jar:/Users/ahenning/.m2/repository/org/postgresql/postgresql/42.7.7/postgresql-42.7.7.jar:/Users/ahenning/.m2/repository/io/quarkus/quarkus-jdbc-mariadb/3.20.3/quarkus-jdbc-mariadb-3.20.3.jar:/Users/ahenning/.m2/repository/org/mariadb/jdbc/mariadb-java-client/3.5.5/mariadb-java-client-3.5.5.jar:/Users/ahenning/.m2/repository/io/quarkus/quarkus-jdbc-mysql/3.20.3/quarkus-jdbc-mysql-3.20.3.jar:/Users/ahenning/.m2/repository/com/mysql/mysql-connector-j/8.3.0/mysql-connector-j-8.3.0.jar:/Users/ahenning/.m2/repository/io/quarkus/quarkus-jdbc-mssql/3.20.3/quarkus-jdbc-mssql-3.20.3.jar:/Users/ahenning/.m2/repository/com/microsoft/sqlserver/mssql-jdbc/12.8.1.jre11/mssql-jdbc-12.8.1.jre11.jar:/Users/ahenning/.m2/repository/org/antlr/antlr4-runtime/4.13.0/antlr4-runtime-4.13.0.jar:/Users/ahenning/.m2/repository/io/quarkus/quarkus-jdbc-oracle/3.20.3/quarkus-jdbc-oracle-3.20.3.jar:/Users/ahenning/.m2/repository/io/quarkus/quarkus-core/3.20.3/quarkus-core-3.20.3.jar:/Users/ahenning/.m2/repository/jakarta/annotation/jakarta.annotation-api/3.0.0/jakarta.annotation-api-3.0.0.jar:/Users/ahenning/.m2/repository/jakarta/inject/jakarta.inject-api/2.0.1/jakarta.inject-api-2.0.1.jar:/Users/ahenning/.m2/repository/io/smallrye/common/smallrye-common-os/2.12.0/smallrye-common-os-2.12.0.jar:/Users/ahenning/.m2/repository/io/quarkus/quarkus-ide-launcher/3.20.3/quarkus-ide-launcher-3.20.3.jar:/Users/ahenning/.m2/repository/io/quarkus/quarkus-development-mode-spi/3.20.3/quarkus-development-mode-spi-3.20.3.jar:/Users/ahenning/.m2/repository/io/smallrye/config/smallrye-config/3.11.4/smallrye-config-3.11.4.jar:/Users/ahenning/.m2/repository/io/smallrye/config/smallrye-config-core/3.11.4/smallrye-config-core-3.11.4.jar:/Users/ahenning/.m2/repository/org/eclipse/microprofile/config/microprofile-config-api/3.1/microprofile-config-api-3.1.jar:/Users/ahenning/.m2/repository/io/smallrye/common/smallrye-common-classloader/2.10.0/smallrye-common-classloader-2.10.0.jar:/Users/ahenning/.m2/repository/io/smallrye/config/smallrye-config-common/3.11.4/smallrye-config-common-3.11.4.jar:/Users/ahenning/.m2/repository/org/jboss/logging/jboss-logging/3.6.1.Final/jboss-logging-3.6.1.Final.jar:/Users/ahenning/.m2/repository/org/jboss/logmanager/jboss-logmanager/3.1.2.Final/jboss-logmanager-3.1.2.Final.jar:/Users/ahenning/.m2/repository/io/smallrye/common/smallrye-common-cpu/2.2.0/smallrye-common-cpu-2.2.0.jar:/Users/ahenning/.m2/repository/io/smallrye/common/smallrye-common-expression/2.2.0/smallrye-common-expression-2.2.0.jar:/Users/ahenning/.m2/repository/io/smallrye/common/smallrye-common-net/2.2.0/smallrye-common-net-2.2.0.jar:/Users/ahenning/.m2/repository/io/smallrye/common/smallrye-common-ref/2.2.0/smallrye-common-ref-2.2.0.jar:/Users/ahenning/.m2/repository/jakarta/json/jakarta.json-api/2.1.3/jakarta.json-api-2.1.3.jar:/Users/ahenning/.m2/repository/org/jboss/logging/jboss-logging-annotations/3.0.4.Final/jboss-logging-annotations-3.0.4.Final.jar:/Users/ahenning/.m2/repository/org/jboss/threads/jboss-threads/3.8.0.Final/jboss-threads-3.8.0.Final.jar:/Users/ahenning/.m2/repository/io/smallrye/common/smallrye-common-function/2.6.0/smallrye-common-function-2.6.0.jar:/Users/ahenning/.m2/repository/org/jboss/slf4j/slf4j-jboss-logmanager/2.0.0.Final/slf4j-jboss-logmanager-2.0.0.Final.jar:/Users/ahenning/.m2/repository/org/wildfly/common/wildfly-common/2.0.1/wildfly-common-2.0.1.jar:/Users/ahenning/.m2/repository/io/quarkus/quarkus-bootstrap-runner/3.20.3/quarkus-bootstrap-runner-3.20.3.jar:/Users/ahenning/.m2/repository/io/quarkus/quarkus-classloader-commons/3.20.3/quarkus-classloader-commons-3.20.3.jar:/Users/ahenning/.m2/repository/io/smallrye/common/smallrye-common-io/2.12.0/smallrye-common-io-2.12.0.jar:/Users/ahenning/.m2/repository/io/quarkus/quarkus-fs-util/0.0.10/quarkus-fs-util-0.0.10.jar:/Users/ahenning/.m2/repository/io/quarkus/quarkus-smallrye-health/3.20.3/quarkus-smallrye-health-3.20.3.jar:/Users/ahenning/.m2/repository/io/smallrye/smallrye-health/4.2.0/smallrye-health-4.2.0.jar:/Users/ahenning/.m2/repository/org/eclipse/microprofile/health/microprofile-health-api/4.0.1/microprofile-health-api-4.0.1.jar:/Users/ahenning/.m2/repository/io/smallrye/smallrye-health-api/4.2.0/smallrye-health-api-4.2.0.jar:/Users/ahenning/.m2/repository/io/smallrye/smallrye-health-provided-checks/4.2.0/smallrye-health-provided-checks-4.2.0.jar:/Users/ahenning/.m2/repository/io/quarkus/quarkus-micrometer/3.20.3/quarkus-micrometer-3.20.3.jar:/Users/ahenning/.m2/repository/io/micrometer/micrometer-core/1.14.5/micrometer-core-1.14.5.jar:/Users/ahenning/.m2/repository/io/micrometer/micrometer-commons/1.14.5/micrometer-commons-1.14.5.jar:/Users/ahenning/.m2/repository/io/micrometer/micrometer-observation/1.14.5/micrometer-observation-1.14.5.jar:/Users/ahenning/.m2/repository/org/hdrhistogram/HdrHistogram/2.2.2/HdrHistogram-2.2.2.jar:/Users/ahenning/.m2/repository/org/latencyutils/LatencyUtils/2.0.3/LatencyUtils-2.0.3.jar:/Users/ahenning/.m2/repository/io/quarkus/quarkus-micrometer-registry-prometheus/3.20.3/quarkus-micrometer-registry-prometheus-3.20.3.jar:/Users/ahenning/.m2/repository/io/micrometer/micrometer-registry-prometheus-simpleclient/1.14.5/micrometer-registry-prometheus-simpleclient-1.14.5.jar:/Users/ahenning/.m2/repository/io/prometheus/simpleclient_common/0.16.0/simpleclient_common-0.16.0.jar:/Users/ahenning/.m2/repository/io/prometheus/simpleclient/0.16.0/simpleclient-0.16.0.jar:/Users/ahenning/.m2/repository/io/prometheus/simpleclient_tracer_otel/0.16.0/simpleclient_tracer_otel-0.16.0.jar:/Users/ahenning/.m2/repository/io/prometheus/simpleclient_tracer_common/0.16.0/simpleclient_tracer_common-0.16.0.jar:/Users/ahenning/.m2/repository/io/prometheus/simpleclient_tracer_otel_agent/0.16.0/simpleclient_tracer_otel_agent-0.16.0.jar:/Users/ahenning/.m2/repository/io/quarkus/quarkus-logging-json/3.20.3/quarkus-logging-json-3.20.3.jar:/Users/ahenning/.m2/repository/io/quarkus/quarkus-opentelemetry/3.20.3/quarkus-opentelemetry-3.20.3.jar:/Users/ahenning/.m2/repository/io/quarkus/quarkus-grpc-common/3.20.3/quarkus-grpc-common-3.20.3.jar:/Users/ahenning/.m2/repository/io/vertx/vertx-grpc/4.5.21/vertx-grpc-4.5.21.jar:/Users/ahenning/.m2/repository/io/grpc/grpc-netty/1.65.0/grpc-netty-1.65.0.jar:/Users/ahenning/.m2/repository/io/grpc/grpc-util/1.65.0/grpc-util-1.65.0.jar:/Users/ahenning/.m2/repository/io/grpc/grpc-protobuf/1.65.0/grpc-protobuf-1.65.0.jar:/Users/ahenning/.m2/repository/com/google/protobuf/protobuf-java/3.25.1/protobuf-java-3.25.1.jar:/Users/ahenning/.m2/repository/com/google/api/grpc/proto-google-common-protos/2.29.0/proto-google-common-protos-2.29.0.jar:/Users/ahenning/.m2/repository/io/grpc/grpc-protobuf-lite/1.65.0/grpc-protobuf-lite-1.65.0.jar:/Users/ahenning/.m2/repository/io/vertx/vertx-grpc-server/4.5.21/vertx-grpc-server-4.5.21.jar:/Users/ahenning/.m2/repository/io/grpc/grpc-core/1.69.1/grpc-core-1.69.1.jar:/Users/ahenning/.m2/repository/com/google/code/gson/gson/2.11.0/gson-2.11.0.jar:/Users/ahenning/.m2/repository/com/google/errorprone/error_prone_annotations/2.30.0/error_prone_annotations-2.30.0.jar:/Users/ahenning/.m2/repository/io/perfmark/perfmark-api/0.27.0/perfmark-api-0.27.0.jar:/Users/ahenning/.m2/repository/io/grpc/grpc-context/1.69.1/grpc-context-1.69.1.jar:/Users/ahenning/.m2/repository/io/opentelemetry/opentelemetry-sdk-extension-autoconfigure/1.44.1/opentelemetry-sdk-extension-autoconfigure-1.44.1.jar:/Users/ahenning/.m2/repository/io/opentelemetry/opentelemetry-sdk/1.44.1/opentelemetry-sdk-1.44.1.jar:/Users/ahenning/.m2/repository/io/opentelemetry/opentelemetry-sdk-common/1.44.1/opentelemetry-sdk-common-1.44.1.jar:/Users/ahenning/.m2/repository/io/opentelemetry/opentelemetry-sdk-trace/1.44.1/opentelemetry-sdk-trace-1.44.1.jar:/Users/ahenning/.m2/repository/io/opentelemetry/opentelemetry-sdk-metrics/1.44.1/opentelemetry-sdk-metrics-1.44.1.jar:/Users/ahenning/.m2/repository/io/opentelemetry/opentelemetry-sdk-logs/1.44.1/opentelemetry-sdk-logs-1.44.1.jar:/Users/ahenning/.m2/repository/io/opentelemetry/opentelemetry-sdk-extension-autoconfigure-spi/1.44.1/opentelemetry-sdk-extension-autoconfigure-spi-1.44.1.jar:/Users/ahenning/.m2/repository/io/opentelemetry/semconv/opentelemetry-semconv/1.28.0-alpha/opentelemetry-semconv-1.28.0-alpha.jar:/Users/ahenning/.m2/repository/io/opentelemetry/semconv/opentelemetry-semconv-incubating/1.29.0-alpha/opentelemetry-semconv-incubating-1.29.0-alpha.jar:/Users/ahenning/.m2/repository/io/opentelemetry/opentelemetry-api-incubator/1.44.1-alpha/opentelemetry-api-incubator-1.44.1-alpha.jar:/Users/ahenning/.m2/repository/io/opentelemetry/instrumentation/opentelemetry-instrumentation-api/2.10.0/opentelemetry-instrumentation-api-2.10.0.jar:/Users/ahenning/.m2/repository/io/opentelemetry/instrumentation/opentelemetry-instrumentation-annotations/2.10.0/opentelemetry-instrumentation-annotations-2.10.0.jar:/Users/ahenning/.m2/repository/io/opentelemetry/instrumentation/opentelemetry-instrumentation-annotations-support/2.10.0-alpha/opentelemetry-instrumentation-annotations-support-2.10.0-alpha.jar:/Users/ahenning/.m2/repository/io/opentelemetry/instrumentation/opentelemetry-instrumentation-api-incubator/2.10.0-alpha/opentelemetry-instrumentation-api-incubator-2.10.0-alpha.jar:/Users/ahenning/.m2/repository/io/opentelemetry/opentelemetry-exporter-otlp-common/1.44.1/opentelemetry-exporter-otlp-common-1.44.1.jar:/Users/ahenning/.m2/repository/io/opentelemetry/opentelemetry-exporter-common/1.44.1/opentelemetry-exporter-common-1.44.1.jar:/Users/ahenning/.m2/repository/io/opentelemetry/opentelemetry-exporter-otlp/1.44.1/opentelemetry-exporter-otlp-1.44.1.jar:/Users/ahenning/.m2/repository/io/opentelemetry/opentelemetry-exporter-sender-okhttp/1.44.1/opentelemetry-exporter-sender-okhttp-1.44.1.jar:/Users/ahenning/.m2/repository/io/opentelemetry/instrumentation/opentelemetry-runtime-telemetry-java17/2.10.0-alpha/opentelemetry-runtime-telemetry-java17-2.10.0-alpha.jar:/Users/ahenning/.m2/repository/io/opentelemetry/instrumentation/opentelemetry-runtime-telemetry-java8/2.10.0-alpha/opentelemetry-runtime-telemetry-java8-2.10.0-alpha.jar:/Users/ahenning/.m2/repository/io/vertx/vertx-grpc-client/4.5.21/vertx-grpc-client-4.5.21.jar:/Users/ahenning/.m2/repository/io/vertx/vertx-grpc-common/4.5.21/vertx-grpc-common-4.5.21.jar:/Users/ahenning/.m2/repository/io/grpc/grpc-stub/1.65.0/grpc-stub-1.65.0.jar:/Users/ahenning/.m2/repository/io/grpc/grpc-api/1.65.0/grpc-api-1.65.0.jar:/Users/ahenning/.m2/repository/io/opentelemetry/instrumentation/opentelemetry-jdbc/2.10.0-alpha/opentelemetry-jdbc-2.10.0-alpha.jar:/Users/ahenning/.m2/repository/io/opentelemetry/opentelemetry-api/1.44.1/opentelemetry-api-1.44.1.jar:/Users/ahenning/.m2/repository/io/opentelemetry/opentelemetry-context/1.44.1/opentelemetry-context-1.44.1.jar:/Users/ahenning/.m2/repository/io/opentelemetry/instrumentation/opentelemetry-apache-httpclient-4.3/2.10.0-alpha/opentelemetry-apache-httpclient-4.3-2.10.0-alpha.jar:/Users/ahenning/.m2/repository/com/apicatalog/titanium-json-ld/1.3.3/titanium-json-ld-1.3.3.jar:/Users/ahenning/.m2/repository/io/setl/rdf-urdna/1.1/rdf-urdna-1.1.jar:/Users/ahenning/.m2/repository/io/smallrye/config/smallrye-config-source-keystore/3.11.4/smallrye-config-source-keystore-3.11.4.jar:/Users/ahenning/.m2/repository/info/picocli/picocli/4.7.6/picocli-4.7.6.jar:/Users/ahenning/.m2/repository/org/keycloak/keycloak-services/26.3.5/keycloak-services-26.3.5.jar:/Users/ahenning/.m2/repository/org/keycloak/keycloak-common/26.3.5/keycloak-common-26.3.5.jar:/Users/ahenning/.m2/repository/org/keycloak/keycloak-core/26.3.5/keycloak-core-26.3.5.jar:/Users/ahenning/.m2/repository/org/keycloak/keycloak-crypto-default/26.3.5/keycloak-crypto-default-26.3.5.jar:/Users/ahenning/.m2/repository/org/bouncycastle/bcprov-jdk18on/1.81/bcprov-jdk18on-1.81.jar:/Users/ahenning/.m2/repository/org/bouncycastle/bcpkix-jdk18on/1.81/bcpkix-jdk18on-1.81.jar:/Users/ahenning/.m2/repository/org/bouncycastle/bcutil-jdk18on/1.81/bcutil-jdk18on-1.81.jar:/Users/ahenning/.m2/repository/org/keycloak/keycloak-crypto-fips1402/26.3.5/keycloak-crypto-fips1402-26.3.5.jar:/Users/ahenning/.m2/repository/org/keycloak/keycloak-server-spi-private/26.3.5/keycloak-server-spi-private-26.3.5.jar:/Users/ahenning/.m2/repository/org/keycloak/keycloak-themes/26.3.5/keycloak-themes-26.3.5.jar:/Users/ahenning/.m2/repository/org/keycloak/keycloak-themes-vendor/26.3.5/keycloak-themes-vendor-26.3.5.jar:/Users/ahenning/.m2/repository/org/keycloak/keycloak-saml-core-public/26.3.5/keycloak-saml-core-public-26.3.5.jar:/Users/ahenning/.m2/repository/org/keycloak/keycloak-saml-core/26.3.5/keycloak-saml-core-26.3.5.jar:/Users/ahenning/.m2/repository/org/keycloak/keycloak-model-jpa/26.3.5/keycloak-model-jpa-26.3.5.jar:/Users/ahenning/.m2/repository/org/keycloak/keycloak-model-infinispan/26.3.5/keycloak-model-infinispan-26.3.5.jar:/Users/ahenning/.m2/repository/org/keycloak/keycloak-model-storage/26.3.5/keycloak-model-storage-26.3.5.jar:/Users/ahenning/.m2/repository/org/keycloak/keycloak-model-storage-private/26.3.5/keycloak-model-storage-private-26.3.5.jar:/Users/ahenning/.m2/repository/org/keycloak/keycloak-model-storage-services/26.3.5/keycloak-model-storage-services-26.3.5.jar:/Users/ahenning/.m2/repository/org/keycloak/keycloak-authz-policy-common/26.3.5/keycloak-authz-policy-common-26.3.5.jar:/Users/ahenning/.m2/repository/org/keycloak/keycloak-kerberos-federation/26.3.5/keycloak-kerberos-federation-26.3.5.jar:/Users/ahenning/.m2/repository/org/keycloak/keycloak-sssd-federation/26.3.5/keycloak-sssd-federation-26.3.5.jar:/Users/ahenning/.m2/repository/org/keycloak/keycloak-ldap-federation/26.3.5/keycloak-ldap-federation-26.3.5.jar:/Users/ahenning/.m2/repository/org/keycloak/keycloak-ipatuura-federation/26.3.5/keycloak-ipatuura-federation-26.3.5.jar:/Users/ahenning/.m2/repository/org/keycloak/keycloak-config-api/26.3.5/keycloak-config-api-26.3.5.jar:/Users/ahenning/.m2/repository/org/keycloak/keycloak-account-ui/26.3.5/keycloak-account-ui-26.3.5.jar:/Users/ahenning/.m2/repository/org/keycloak/keycloak-admin-ui/26.3.5/keycloak-admin-ui-26.3.5.jar:/Users/ahenning/.m2/repository/org/keycloak/keycloak-rest-admin-ui-ext/26.3.5/keycloak-rest-admin-ui-ext-26.3.5.jar:/Users/ahenning/.m2/repository/org/jboss/logging/commons-logging-jboss-logging/1.0.0.Final/commons-logging-jboss-logging-1.0.0.Final.jar:/Users/ahenning/.m2/repository/commons-io/commons-io/2.18.0/commons-io-2.18.0.jar:/Users/ahenning/.m2/repository/com/webauthn4j/webauthn4j-core/0.29.3.RELEASE/webauthn4j-core-0.29.3.RELEASE.jar:/Users/ahenning/.m2/repository/com/webauthn4j/webauthn4j-util/0.29.3.RELEASE/webauthn4j-util-0.29.3.RELEASE.jar:/Users/ahenning/.m2/repository/com/fasterxml/jackson/dataformat/jackson-dataformat-cbor/2.18.2/jackson-dataformat-cbor-2.18.2.jar:/Users/ahenning/.m2/repository/org/apache/kerby/kerby-asn1/2.0.3/kerby-asn1-2.0.3.jar:/Users/ahenning/.m2/repository/org/freemarker/freemarker/2.3.32/freemarker-2.3.32.jar:/Users/ahenning/.m2/repository/com/google/guava/guava/33.4.0-jre/guava-33.4.0-jre.jar:/Users/ahenning/.m2/repository/com/googlecode/owasp-java-html-sanitizer/owasp-java-html-sanitizer/20240325.1/owasp-java-html-sanitizer-20240325.1.jar:/Users/ahenning/.m2/repository/com/googlecode/owasp-java-html-sanitizer/java8-shim/20240325.1/java8-shim-20240325.1.jar:/Users/ahenning/.m2/repository/com/googlecode/owasp-java-html-sanitizer/java10-shim/20240325.1/java10-shim-20240325.1.jar:/Users/ahenning/.m2/repository/org/apache/httpcomponents/httpcore/4.4.16/httpcore-4.4.16.jar:/Users/ahenning/.m2/repository/org/apache/httpcomponents/httpclient/4.5.14/httpclient-4.5.14.jar:/Users/ahenning/.m2/repository/com/github/ua-parser/uap-java/1.5.4/uap-java-1.5.4.jar:/Users/ahenning/.m2/repository/org/yaml/snakeyaml/2.0/snakeyaml-2.0.jar:/Users/ahenning/.m2/repository/org/snakeyaml/snakeyaml-engine/2.6/snakeyaml-engine-2.6.jar:/Users/ahenning/.m2/repository/com/google/zxing/core/3.4.0/core-3.4.0.jar:/Users/ahenning/.m2/repository/com/google/zxing/javase/3.4.0/javase-3.4.0.jar:/Users/ahenning/.m2/repository/jakarta/mail/jakarta.mail-api/2.1.1/jakarta.mail-api-2.1.1.jar:/Users/ahenning/.m2/repository/jakarta/activation/jakarta.activation-api/2.1.1/jakarta.activation-api-2.1.1.jar:/Users/ahenning/.m2/repository/org/eclipse/angus/angus-mail/2.0.4/angus-mail-2.0.4.jar:/Users/ahenning/.m2/repository/org/eclipse/angus/angus-activation/2.0.2/angus-activation-2.0.2.jar:/Users/ahenning/.m2/repository/jakarta/xml/soap/jakarta.xml.soap-api/3.0.0/jakarta.xml.soap-api-3.0.0.jar:/Users/ahenning/.m2/repository/com/sun/xml/messaging/saaj/saaj-impl/2.0.1/saaj-impl-2.0.1.jar:/Users/ahenning/.m2/repository/org/jvnet/staxex/stax-ex/2.0.1/stax-ex-2.0.1.jar:/Users/ahenning/.m2/repository/com/sun/activation/jakarta.activation/2.0.1/jakarta.activation-2.0.1.jar:/Users/ahenning/.m2/repository/org/apache/santuario/xmlsec/2.2.6/xmlsec-2.2.6.jar:/Users/ahenning/.m2/repository/commons-codec/commons-codec/1.15/commons-codec-1.15.jar:/Users/ahenning/.m2/repository/org/apache/commons/commons-lang3/3.18.0/commons-lang3-3.18.0.jar:/Users/ahenning/.m2/repository/org/liquibase/liquibase-core/4.29.1/liquibase-core-4.29.1.jar:/Users/ahenning/.m2/repository/com/opencsv/opencsv/5.9/opencsv-5.9.jar:/Users/ahenning/.m2/repository/javax/xml/bind/jaxb-api/2.3.1/jaxb-api-2.3.1.jar:/Users/ahenning/.m2/repository/org/apache/commons/commons-collections4/4.4/commons-collections4-4.4.jar:/Users/ahenning/.m2/repository/org/infinispan/infinispan-commons/15.0.19.Final/infinispan-commons-15.0.19.Final.jar:/Users/ahenning/.m2/repository/org/infinispan/protostream/protostream/5.0.14.Final/protostream-5.0.14.Final.jar:/Users/ahenning/.m2/repository/com/fasterxml/jackson/core/jackson-core/2.18.1/jackson-core-2.18.1.jar:/Users/ahenning/.m2/repository/org/infinispan/protostream/protostream-types/5.0.14.Final/protostream-types-5.0.14.Final.jar:/Users/ahenning/.m2/repository/com/github/ben-manes/caffeine/caffeine/3.1.8/caffeine-3.1.8.jar:/Users/ahenning/.m2/repository/io/reactivex/rxjava3/rxjava/3.1.10/rxjava-3.1.10.jar:/Users/ahenning/.m2/repository/org/reactivestreams/reactive-streams/1.0.4/reactive-streams-1.0.4.jar:/Users/ahenning/.m2/repository/org/infinispan/infinispan-core/15.0.19.Final/infinispan-core-15.0.19.Final.jar:/Users/ahenning/.m2/repository/org/jgroups/jgroups/5.3.16.Final/jgroups-5.3.16.Final.jar:/Users/ahenning/.m2/repository/org/infinispan/infinispan-api/15.0.19.Final/infinispan-api-15.0.19.Final.jar:/Users/ahenning/.m2/repository/org/infinispan/infinispan-cachestore-remote/15.0.19.Final/infinispan-cachestore-remote-15.0.19.Final.jar:/Users/ahenning/.m2/repository/org/infinispan/infinispan-client-hotrod/15.0.19.Final/infinispan-client-hotrod-15.0.19.Final.jar:/Users/ahenning/.m2/repository/org/wildfly/security/wildfly-elytron-sasl-digest/2.6.2.Final/wildfly-elytron-sasl-digest-2.6.2.Final.jar:/Users/ahenning/.m2/repository/org/wildfly/security/wildfly-elytron-auth-server/2.6.2.Final/wildfly-elytron-auth-server-2.6.2.Final.jar:/Users/ahenning/.m2/repository/org/wildfly/security/wildfly-elytron-auth/2.6.2.Final/wildfly-elytron-auth-2.6.2.Final.jar:/Users/ahenning/.m2/repository/org/wildfly/security/wildfly-elytron-base/2.6.2.Final/wildfly-elytron-base-2.6.2.Final.jar:/Users/ahenning/.m2/repository/org/wildfly/security/wildfly-elytron-permission/2.6.2.Final/wildfly-elytron-permission-2.6.2.Final.jar:/Users/ahenning/.m2/repository/org/wildfly/security/wildfly-elytron-x500/2.6.2.Final/wildfly-elytron-x500-2.6.2.Final.jar:/Users/ahenning/.m2/repository/org/wildfly/security/wildfly-elytron-credential/2.6.2.Final/wildfly-elytron-credential-2.6.2.Final.jar:/Users/ahenning/.m2/repository/org/wildfly/security/wildfly-elytron-keystore/2.6.2.Final/wildfly-elytron-keystore-2.6.2.Final.jar:/Users/ahenning/.m2/repository/org/wildfly/security/wildfly-elytron-x500-cert/2.6.2.Final/wildfly-elytron-x500-cert-2.6.2.Final.jar:/Users/ahenning/.m2/repository/org/wildfly/security/wildfly-elytron-x500-cert-util/2.6.2.Final/wildfly-elytron-x500-cert-util-2.6.2.Final.jar:/Users/ahenning/.m2/repository/org/wildfly/security/wildfly-elytron-provider-util/2.6.2.Final/wildfly-elytron-provider-util-2.6.2.Final.jar:/Users/ahenning/.m2/repository/org/wildfly/security/wildfly-elytron-mechanism/2.6.2.Final/wildfly-elytron-mechanism-2.6.2.Final.jar:/Users/ahenning/.m2/repository/org/wildfly/security/wildfly-elytron-http/2.6.2.Final/wildfly-elytron-http-2.6.2.Final.jar:/Users/ahenning/.m2/repository/org/wildfly/security/wildfly-elytron-mechanism-digest/2.6.2.Final/wildfly-elytron-mechanism-digest-2.6.2.Final.jar:/Users/ahenning/.m2/repository/org/wildfly/security/wildfly-elytron-sasl/2.6.2.Final/wildfly-elytron-sasl-2.6.2.Final.jar:/Users/ahenning/.m2/repository/org/wildfly/security/wildfly-elytron-ssl/2.6.2.Final/wildfly-elytron-ssl-2.6.2.Final.jar:/Users/ahenning/.m2/repository/org/wildfly/security/wildfly-elytron-util/2.6.2.Final/wildfly-elytron-util-2.6.2.Final.jar:/Users/ahenning/.m2/repository/org/wildfly/security/wildfly-elytron-sasl-external/2.6.2.Final/wildfly-elytron-sasl-external-2.6.2.Final.jar:/Users/ahenning/.m2/repository/org/wildfly/security/wildfly-elytron-sasl-gs2/2.6.2.Final/wildfly-elytron-sasl-gs2-2.6.2.Final.jar:/Users/ahenning/.m2/repository/org/wildfly/security/wildfly-elytron-asn1/2.6.2.Final/wildfly-elytron-asn1-2.6.2.Final.jar:/Users/ahenning/.m2/repository/org/wildfly/security/wildfly-elytron-mechanism-gssapi/2.6.2.Final/wildfly-elytron-mechanism-gssapi-2.6.2.Final.jar:/Users/ahenning/.m2/repository/org/wildfly/security/wildfly-elytron-security-manager-action/2.6.2.Final/wildfly-elytron-security-manager-action-2.6.2.Final.jar:/Users/ahenning/.m2/repository/org/wildfly/security/wildfly-elytron-sasl-gssapi/2.6.2.Final/wildfly-elytron-sasl-gssapi-2.6.2.Final.jar:/Users/ahenning/.m2/repository/org/wildfly/security/wildfly-elytron-sasl-oauth2/2.6.2.Final/wildfly-elytron-sasl-oauth2-2.6.2.Final.jar:/Users/ahenning/.m2/repository/org/wildfly/security/wildfly-elytron-mechanism-oauth2/2.6.2.Final/wildfly-elytron-mechanism-oauth2-2.6.2.Final.jar:/Users/ahenning/.m2/repository/org/wildfly/security/wildfly-elytron-sasl-plain/2.6.2.Final/wildfly-elytron-sasl-plain-2.6.2.Final.jar:/Users/ahenning/.m2/repository/org/wildfly/security/wildfly-elytron-sasl-scram/2.6.2.Final/wildfly-elytron-sasl-scram-2.6.2.Final.jar:/Users/ahenning/.m2/repository/org/wildfly/security/wildfly-elytron-mechanism-scram/2.6.2.Final/wildfly-elytron-mechanism-scram-2.6.2.Final.jar:/Users/ahenning/.m2/repository/org/wildfly/security/wildfly-elytron-password-impl/2.6.2.Final/wildfly-elytron-password-impl-2.6.2.Final.jar:/Users/ahenning/.m2/repository/io/netty/netty-resolver-dns/4.1.119.Final/netty-resolver-dns-4.1.119.Final.jar:/Users/ahenning/.m2/repository/io/netty/netty-codec-dns/4.1.119.Final/netty-codec-dns-4.1.119.Final.jar:/Users/ahenning/.m2/repository/io/netty/netty-transport-native-epoll/4.1.119.Final/netty-transport-native-epoll-4.1.119.Final-linux-x86_64.jar:/Users/ahenning/.m2/repository/io/netty/netty-transport-classes-epoll/4.1.119.Final/netty-transport-classes-epoll-4.1.119.Final.jar:/Users/ahenning/.m2/repository/io/netty/netty-transport-native-epoll/4.1.119.Final/netty-transport-native-epoll-4.1.119.Final-linux-aarch_64.jar:/Users/ahenning/.m2/repository/org/infinispan/infinispan-multimap/15.0.19.Final/infinispan-multimap-15.0.19.Final.jar:/Users/ahenning/.m2/repository/org/infinispan/infinispan-remote-query-client/15.0.19.Final/infinispan-remote-query-client-15.0.19.Final.jar:/Users/ahenning/.m2/repository/org/infinispan/infinispan-query-dsl/15.0.19.Final/infinispan-query-dsl-15.0.19.Final.jar:/Users/ahenning/.m2/repository/jakarta/xml/bind/jakarta.xml.bind-api/4.0.2/jakarta.xml.bind-api-4.0.2.jar:/Users/ahenning/.m2/repository/jakarta/transaction/jakarta.transaction-api/2.0.1/jakarta.transaction-api-2.0.1.jar:/Users/ahenning/.m2/repository/org/openjdk/nashorn/nashorn-core/15.4/nashorn-core-15.4.jar:/Users/ahenning/.m2/repository/org/ow2/asm/asm/7.3.1/asm-7.3.1.jar:/Users/ahenning/.m2/repository/org/ow2/asm/asm-commons/7.3.1/asm-commons-7.3.1.jar:/Users/ahenning/.m2/repository/org/ow2/asm/asm-analysis/7.3.1/asm-analysis-7.3.1.jar:/Users/ahenning/.m2/repository/org/ow2/asm/asm-tree/7.3.1/asm-tree-7.3.1.jar:/Users/ahenning/.m2/repository/org/ow2/asm/asm-util/7.3.1/asm-util-7.3.1.jar:/Users/ahenning/.m2/repository/net/java/dev/jna/jna/5.8.0/jna-5.8.0.jar:/Users/ahenning/.m2/repository/org/twitter4j/twitter4j-core/4.1.2/twitter4j-core-4.1.2.jar:/Users/ahenning/.m2/repository/org/keycloak/keycloak-server-spi/26.3.5/keycloak-server-spi-26.3.5.jar:/Users/ahenning/.m2/repository/org/projectlombok/lombok/1.18.38/lombok-1.18.38.jar:/Users/ahenning/.m2/repository/com/google/auto/service/auto-service/1.1.1/auto-service-1.1.1.jar:/Users/ahenning/.m2/repository/com/google/auto/service/auto-service-annotations/1.1.1/auto-service-annotations-1.1.1.jar:/Users/ahenning/.m2/repository/com/google/auto/auto-common/1.2.1/auto-common-1.2.1.jar:/Users/ahenning/.m2/repository/org/assertj/assertj-core/3.24.2/assertj-core-3.24.2.jar:/Users/ahenning/.m2/repository/net/bytebuddy/byte-buddy/1.12.21/byte-buddy-1.12.21.jar:/Users/ahenning/.m2/repository/org/testcontainers/junit-jupiter/1.21.3/junit-jupiter-1.21.3.jar:/Users/ahenning/.m2/repository/org/testcontainers/testcontainers/1.21.3/testcontainers-1.21.3.jar:/Users/ahenning/.m2/repository/junit/junit/4.13.2/junit-4.13.2.jar:/Users/ahenning/.m2/repository/org/hamcrest/hamcrest-core/1.3/hamcrest-core-1.3.jar:/Users/ahenning/.m2/repository/org/apache/commons/commons-compress/1.24.0/commons-compress-1.24.0.jar:/Users/ahenning/.m2/repository/org/rnorth/duct-tape/duct-tape/1.0.8/duct-tape-1.0.8.jar:/Users/ahenning/.m2/repository/org/jetbrains/annotations/17.0.0/annotations-17.0.0.jar:/Users/ahenning/.m2/repository/com/github/docker-java/docker-java-api/3.4.2/docker-java-api-3.4.2.jar:/Users/ahenning/.m2/repository/com/github/docker-java/docker-java-transport-zerodep/3.4.2/docker-java-transport-zerodep-3.4.2.jar:/Users/ahenning/.m2/repository/com/github/docker-java/docker-java-transport/3.4.2/docker-java-transport-3.4.2.jar:/Users/ahenning/.m2/repository/com/github/dasniko/testcontainers-keycloak/3.3.1/testcontainers-keycloak-3.3.1.jar:/Users/ahenning/.m2/repository/io/quarkus/quarkus-junit4-mock/3.8.1/quarkus-junit4-mock-3.8.1.jar:/Users/ahenning/.m2/repository/org/jboss/shrinkwrap/shrinkwrap-api/1.2.6/shrinkwrap-api-1.2.6.jar:/Users/ahenning/.m2/repository/org/jboss/shrinkwrap/shrinkwrap-impl-base/1.2.6/shrinkwrap-impl-base-1.2.6.jar:/Users/ahenning/.m2/repository/org/jboss/shrinkwrap/shrinkwrap-spi/1.2.6/shrinkwrap-spi-1.2.6.jar:/Users/ahenning/.m2/repository/org/slf4j/slf4j-api/2.0.12/slf4j-api-2.0.12.jar:/Users/ahenning/.m2/repository/org/keycloak/keycloak-admin-client/24.0.3/keycloak-admin-client-24.0.3.jar:/Users/ahenning/.m2/repository/org/jboss/resteasy/resteasy-client/6.2.7.Final/resteasy-client-6.2.7.Final.jar:/Users/ahenning/.m2/repository/org/jboss/resteasy/resteasy-client-api/6.2.7.Final/resteasy-client-api-6.2.7.Final.jar:/Users/ahenning/.m2/repository/org/jboss/resteasy/resteasy-core-spi/6.2.7.Final/resteasy-core-spi-6.2.7.Final.jar:/Users/ahenning/.m2/repository/jakarta/validation/jakarta.validation-api/3.0.2/jakarta.validation-api-3.0.2.jar:/Users/ahenning/.m2/repository/org/jboss/resteasy/resteasy-core/6.2.7.Final/resteasy-core-6.2.7.Final.jar:/Users/ahenning/.m2/repository/org/jboss/jandex/2.4.4.Final/jandex-2.4.4.Final.jar:/Users/ahenning/.m2/repository/com/ibm/async/asyncutil/0.1.0/asyncutil-0.1.0.jar:/Users/ahenning/.m2/repository/org/jboss/resteasy/resteasy-multipart-provider/6.2.7.Final/resteasy-multipart-provider-6.2.7.Final.jar:/Users/ahenning/.m2/repository/org/apache/james/apache-mime4j-dom/0.8.9/apache-mime4j-dom-0.8.9.jar:/Users/ahenning/.m2/repository/org/apache/james/apache-mime4j-core/0.8.9/apache-mime4j-core-0.8.9.jar:/Users/ahenning/.m2/repository/org/apache/james/apache-mime4j-storage/0.8.9/apache-mime4j-storage-0.8.9.jar:/Users/ahenning/.m2/repository/org/jboss/resteasy/resteasy-jackson2-provider/6.2.7.Final/resteasy-jackson2-provider-6.2.7.Final.jar:/Users/ahenning/.m2/repository/com/fasterxml/jackson/jakarta/rs/jackson-jakarta-rs-base/2.15.3/jackson-jakarta-rs-base-2.15.3.jar:/Users/ahenning/.m2/repository/com/fasterxml/jackson/jakarta/rs/jackson-jakarta-rs-json-provider/2.15.3/jackson-jakarta-rs-json-provider-2.15.3.jar:/Users/ahenning/.m2/repository/com/fasterxml/jackson/module/jackson-module-jakarta-xmlbind-annotations/2.15.3/jackson-module-jakarta-xmlbind-annotations-2.15.3.jar:/Users/ahenning/.m2/repository/com/github/java-json-tools/json-patch/1.13/json-patch-1.13.jar:/Users/ahenning/.m2/repository/com/github/java-json-tools/msg-simple/1.2/msg-simple-1.2.jar:/Users/ahenning/.m2/repository/com/github/java-json-tools/btf/1.3/btf-1.3.jar:/Users/ahenning/.m2/repository/com/github/java-json-tools/jackson-coreutils/2.0/jackson-coreutils-2.0.jar:/Users/ahenning/.m2/repository/org/jboss/resteasy/resteasy-jaxb-provider/6.2.7.Final/resteasy-jaxb-provider-6.2.7.Final.jar:/Users/ahenning/.m2/repository/org/glassfish/jaxb/codemodel/4.0.3/codemodel-4.0.3.jar:/Users/ahenning/.m2/repository/org/glassfish/jaxb/jaxb-jxc/4.0.3/jaxb-jxc-4.0.3.jar:/Users/ahenning/.m2/repository/org/glassfish/jaxb/txw2/4.0.3/txw2-4.0.3.jar:/Users/ahenning/.m2/repository/org/glassfish/jaxb/jaxb-xjc/4.0.3/jaxb-xjc-4.0.3.jar:/Users/ahenning/.m2/repository/org/glassfish/jaxb/xsom/4.0.3/xsom-4.0.3.jar:/Users/ahenning/.m2/repository/com/sun/istack/istack-commons-runtime/4.1.2/istack-commons-runtime-4.1.2.jar:/Users/ahenning/.m2/repository/com/sun/istack/istack-commons-tools/4.1.2/istack-commons-tools-4.1.2.jar:/Users/ahenning/.m2/repository/com/sun/xml/bind/external/relaxng-datatype/4.0.3/relaxng-datatype-4.0.3.jar:/Users/ahenning/.m2/repository/com/sun/xml/bind/external/rngom/4.0.3/rngom-4.0.3.jar:/Users/ahenning/.m2/repository/org/junit/jupiter/junit-jupiter-api/5.11.0/junit-jupiter-api-5.11.0.jar:/Users/ahenning/.m2/repository/org/opentest4j/opentest4j/1.3.0/opentest4j-1.3.0.jar:/Users/ahenning/.m2/repository/org/junit/platform/junit-platform-commons/1.11.0/junit-platform-commons-1.11.0.jar:/Users/ahenning/.m2/repository/org/apiguardian/apiguardian-api/1.1.2/apiguardian-api-1.1.2.jar:/Users/ahenning/.m2/repository/org/junit/jupiter/junit-jupiter-params/5.11.0/junit-jupiter-params-5.11.0.jar:/Users/ahenning/.m2/repository/jakarta/ws/rs/jakarta.ws.rs-api/3.1.0/jakarta.ws.rs-api-3.1.0.jar:/Users/ahenning/.m2/repository/com/fasterxml/jackson/core/jackson-annotations/2.18.2/jackson-annotations-2.18.2.jar:"/>
    <property name="java.vm.vendor" value="Homebrew"/>
    <property name="sun.arch.data.model" value="64"/>
    <property name="java.vendor.url" value="https://github.com/Homebrew/homebrew-core/issues"/>
    <property name="user.timezone" value="America/New_York"/>
    <property name="os.name" value="Mac OS X"/>
    <property name="java.vm.specification.version" value="25"/>
    <property name="sun.java.launcher" value="SUN_STANDARD"/>
    <property name="user.country" value="US"/>
    <property name="sun.boot.library.path" value="/opt/homebrew/Cellar/openjdk/25/libexec/openjdk.jdk/Contents/Home/lib"/>
    <property name="sun.java.command" value="/Users/ahenning/Code/github.com/alechenninger/parsec-keycloak/target/surefire/surefirebooter-20251014160144947_3.jar /Users/ahenning/Code/github.com/alechenninger/parsec-keycloak/target/surefire 2025-10-14T16-01-44_914-jvmRun1 surefire-20251014160144947_1tmp surefire_0-20251014160144947_2tmp"/>
    <property name="http.nonProxyHosts" value="local|*.local|169.254/16|*.169.254/16"/>
    <property name="jdk.debug" value="release"/>
    <property name="surefire.test.class.path" value="/Users/ahenning/Code/github.com/alechenninger/parsec-keycloak/target/test-classes:/Users/ahenning/Code/github.com/alechenninger/parsec-keycloak/target/classes:/Users/ahenning/.m2/repository/org/keycloak/keycloak-quarkus-server/26.3.5/keycloak-quarkus-server-26.3.5.jar:/Users/ahenning/.m2/repository/io/quarkus/quarkus-vertx-http/3.20.3/quarkus-vertx-http-3.20.3.jar:/Users/ahenning/.m2/repository/io/quarkus/quarkus-security-runtime-spi/3.20.3/quarkus-security-runtime-spi-3.20.3.jar:/Users/ahenning/.m2/repository/io/quarkus/quarkus-tls-registry/3.20.3/quarkus-tls-registry-3.20.3.jar:/Users/ahenning/.m2/repository/io/smallrye/certs/smallrye-private-key-pem-parser/0.9.2/smallrye-private-key-pem-parser-0.9.2.jar:/Users/ahenning/.m2/repository/io/quarkus/quarkus-credentials/3.20.3/quarkus-credentials-3.20.3.jar:/Users/ahenning/.m2/repository/io/quarkus/arc/arc/3.20.3/arc-3.20.3.jar:/Users/ahenning/.m2/repository/io/quarkus/quarkus-mutiny/3.20.3/quarkus-mutiny-3.20.3.jar:/Users/ahenning/.m2/repository/io/smallrye/reactive/mutiny/2.9.4/mutiny-2.9.4.jar:/Users/ahenning/.m2/repository/org/jctools/jctools-core/4.0.5/jctools-core-4.0.5.jar:/Users/ahenning/.m2/repository/io/quarkus/quarkus-smallrye-context-propagation/3.20.3/quarkus-smallrye-context-propagation-3.20.3.jar:/Users/ahenning/.m2/repository/io/smallrye/smallrye-context-propagation/2.2.1/smallrye-context-propagation-2.2.1.jar:/Users/ahenning/.m2/repository/io/smallrye/smallrye-context-propagation-api/2.2.1/smallrye-context-propagation-api-2.2.1.jar:/Users/ahenning/.m2/repository/io/smallrye/smallrye-context-propagation-storage/2.2.1/smallrye-context-propagation-storage-2.2.1.jar:/Users/ahenning/.m2/repository/io/smallrye/reactive/mutiny-smallrye-context-propagation/2.9.4/mutiny-smallrye-context-propagation-2.9.4.jar:/Users/ahenning/.m2/repository/io/smallrye/common/smallrye-common-vertx-context/2.12.0/smallrye-common-vertx-context-2.12.0.jar:/Users/ahenning/.m2/repository/io/vertx/vertx-core/4.5.14/vertx-core-4.5.14.jar:/Users/ahenning/.m2/repository/io/netty/netty-common/4.1.118.Final/netty-common-4.1.118.Final.jar:/Users/ahenning/.m2/repository/io/netty/netty-handler-proxy/4.1.118.Final/netty-handler-proxy-4.1.118.Final.jar:/Users/ahenning/.m2/repository/io/netty/netty-codec-socks/4.1.118.Final/netty-codec-socks-4.1.118.Final.jar:/Users/ahenning/.m2/repository/io/netty/netty-resolver/4.1.118.Final/netty-resolver-4.1.118.Final.jar:/Users/ahenning/.m2/repository/io/smallrye/common/smallrye-common-constraint/2.12.0/smallrye-common-constraint-2.12.0.jar:/Users/ahenning/.m2/repository/io/quarkus/security/quarkus-security/2.2.1/quarkus-security-2.2.1.jar:/Users/ahenning/.m2/repository/io/smallrye/reactive/smallrye-mutiny-vertx-web/3.19.2/smallrye-mutiny-vertx-web-3.19.2.jar:/Users/ahenning/.m2/repository/io/smallrye/reactive/smallrye-mutiny-vertx-web-common/3.19.2/smallrye-mutiny-vertx-web-common-3.19.2.jar:/Users/ahenning/.m2/repository/io/smallrye/reactive/smallrye-mutiny-vertx-auth-common/3.19.2/smallrye-mutiny-vertx-auth-common-3.19.2.jar:/Users/ahenning/.m2/repository/io/smallrye/reactive/smallrye-mutiny-vertx-bridge-common/3.19.2/smallrye-mutiny-vertx-bridge-common-3.19.2.jar:/Users/ahenning/.m2/repository/io/smallrye/reactive/smallrye-mutiny-vertx-uri-template/3.19.2/smallrye-mutiny-vertx-uri-template-3.19.2.jar:/Users/ahenning/.m2/repository/io/vertx/vertx-web/4.5.21/vertx-web-4.5.21.jar:/Users/ahenning/.m2/repository/io/vertx/vertx-web-common/4.5.21/vertx-web-common-4.5.21.jar:/Users/ahenning/.m2/repository/io/vertx/vertx-auth-common/4.5.21/vertx-auth-common-4.5.21.jar:/Users/ahenning/.m2/repository/io/vertx/vertx-bridge-common/4.5.21/vertx-bridge-common-4.5.21.jar:/Users/ahenning/.m2/repository/io/github/crac/org-crac/0.1.3/org-crac-0.1.3.jar:/Users/ahenning/.m2/repository/com/aayushatharva/brotli4j/brotli4j/1.16.0/brotli4j-1.16.0.jar:/Users/ahenning/.m2/repository/com/aayushatharva/brotli4j/service/1.16.0/service-1.16.0.jar:/Users/ahenning/.m2/repository/com/aayushatharva/brotli4j/native-osx-aarch64/1.16.0/native-osx-aarch64-1.16.0.jar:/Users/ahenning/.m2/repository/io/quarkus/quarkus-vertx/3.20.3/quarkus-vertx-3.20.3.jar:/Users/ahenning/.m2/repository/io/quarkus/quarkus-arc/3.20.3/quarkus-arc-3.20.3.jar:/Users/ahenning/.m2/repository/org/eclipse/microprofile/context-propagation/microprofile-context-propagation-api/1.3/microprofile-context-propagation-api-1.3.jar:/Users/ahenning/.m2/repository/io/quarkus/quarkus-netty/3.20.3/quarkus-netty-3.20.3.jar:/Users/ahenning/.m2/repository/io/netty/netty-codec/4.1.127.Final/netty-codec-4.1.127.Final.jar:/Users/ahenning/.m2/repository/io/netty/netty-codec-http/4.1.127.Final/netty-codec-http-4.1.127.Final.jar:/Users/ahenning/.m2/repository/io/netty/netty-codec-http2/4.1.127.Final/netty-codec-http2-4.1.127.Final.jar:/Users/ahenning/.m2/repository/io/netty/netty-handler/4.1.127.Final/netty-handler-4.1.127.Final.jar:/Users/ahenning/.m2/repository/io/netty/netty-transport-native-unix-common/4.1.127.Final/netty-transport-native-unix-common-4.1.127.Final.jar:/Users/ahenning/.m2/repository/io/netty/netty-codec-haproxy/4.1.127.Final/netty-codec-haproxy-4.1.127.Final.jar:/Users/ahenning/.m2/repository/io/netty/netty-buffer/4.1.127.Final/netty-buffer-4.1.127.Final.jar:/Users/ahenning/.m2/repository/io/netty/netty-transport/4.1.127.Final/netty-transport-4.1.127.Final.jar:/Users/ahenning/.m2/repository/io/smallrye/common/smallrye-common-annotation/2.12.0/smallrye-common-annotation-2.12.0.jar:/Users/ahenning/.m2/repository/io/quarkus/quarkus-virtual-threads/3.20.3/quarkus-virtual-threads-3.20.3.jar:/Users/ahenning/.m2/repository/io/quarkus/quarkus-vertx-latebound-mdc-provider/3.20.3/quarkus-vertx-latebound-mdc-provider-3.20.3.jar:/Users/ahenning/.m2/repository/io/smallrye/reactive/smallrye-mutiny-vertx-core/3.19.2/smallrye-mutiny-vertx-core-3.19.2.jar:/Users/ahenning/.m2/repository/io/smallrye/reactive/smallrye-mutiny-vertx-runtime/3.19.2/smallrye-mutiny-vertx-runtime-3.19.2.jar:/Users/ahenning/.m2/repository/io/smallrye/reactive/vertx-mutiny-generator/3.19.2/vertx-mutiny-generator-3.19.2.jar:/Users/ahenning/.m2/repository/io/vertx/vertx-codegen/4.5.16/vertx-codegen-4.5.16.jar:/Users/ahenning/.m2/repository/io/smallrye/smallrye-fault-tolerance-vertx/6.9.2/smallrye-fault-tolerance-vertx-6.9.2.jar:/Users/ahenning/.m2/repository/io/quarkus/quarkus-reactive-routes/3.20.3/quarkus-reactive-routes-3.20.3.jar:/Users/ahenning/.m2/repository/io/quarkus/quarkus-jackson/3.20.3/quarkus-jackson-3.20.3.jar:/Users/ahenning/.m2/repository/com/fasterxml/jackson/core/jackson-databind/2.18.2/jackson-databind-2.18.2.jar:/Users/ahenning/.m2/repository/com/fasterxml/jackson/datatype/jackson-datatype-jsr310/2.18.2/jackson-datatype-jsr310-2.18.2.jar:/Users/ahenning/.m2/repository/com/fasterxml/jackson/datatype/jackson-datatype-jdk8/2.18.2/jackson-datatype-jdk8-2.18.2.jar:/Users/ahenning/.m2/repository/com/fasterxml/jackson/module/jackson-module-parameter-names/2.18.2/jackson-module-parameter-names-2.18.2.jar:/Users/ahenning/.m2/repository/jakarta/enterprise/jakarta.enterprise.cdi-api/4.1.0/jakarta.enterprise.cdi-api-4.1.0.jar:/Users/ahenning/.m2/repository/jakarta/enterprise/jakarta.enterprise.lang-model/4.1.0/jakarta.enterprise.lang-model-4.1.0.jar:/Users/ahenning/.m2/repository/jakarta/el/jakarta.el-api/6.0.0/jakarta.el-api-6.0.0.jar:/Users/ahenning/.m2/repository/jakarta/interceptor/jakarta.interceptor-api/2.2.0/jakarta.interceptor-api-2.2.0.jar:/Users/ahenning/.m2/repository/io/quarkus/quarkus-rest/3.20.3/quarkus-rest-3.20.3.jar:/Users/ahenning/.m2/repository/io/quarkus/quarkus-rest-common/3.20.3/quarkus-rest-common-3.20.3.jar:/Users/ahenning/.m2/repository/io/quarkus/resteasy/reactive/resteasy-reactive-common/3.20.3/resteasy-reactive-common-3.20.3.jar:/Users/ahenning/.m2/repository/io/quarkus/resteasy/reactive/resteasy-reactive-common-types/3.20.3/resteasy-reactive-common-types-3.20.3.jar:/Users/ahenning/.m2/repository/io/quarkus/resteasy/reactive/resteasy-reactive-vertx/3.20.3/resteasy-reactive-vertx-3.20.3.jar:/Users/ahenning/.m2/repository/io/quarkus/resteasy/reactive/resteasy-reactive/3.20.3/resteasy-reactive-3.20.3.jar:/Users/ahenning/.m2/repository/io/quarkus/vertx/utils/quarkus-vertx-utils/3.20.3/quarkus-vertx-utils-3.20.3.jar:/Users/ahenning/.m2/repository/io/quarkus/quarkus-jsonp/3.20.3/quarkus-jsonp-3.20.3.jar:/Users/ahenning/.m2/repository/org/eclipse/parsson/parsson/1.1.7/parsson-1.1.7.jar:/Users/ahenning/.m2/repository/io/quarkus/quarkus-rest-jackson/3.20.3/quarkus-rest-jackson-3.20.3.jar:/Users/ahenning/.m2/repository/io/quarkus/quarkus-rest-jackson-common/3.20.3/quarkus-rest-jackson-common-3.20.3.jar:/Users/ahenning/.m2/repository/io/quarkus/resteasy/reactive/resteasy-reactive-jackson/3.20.3/resteasy-reactive-jackson-3.20.3.jar:/Users/ahenning/.m2/repository/io/quarkus/quarkus-hibernate-orm/3.20.3/quarkus-hibernate-orm-3.20.3.jar:/Users/ahenning/.m2/repository/io/quarkus/quarkus-narayana-jta/3.20.3/quarkus-narayana-jta-3.20.3.jar:/Users/ahenning/.m2/repository/io/quarkus/quarkus-transaction-annotations/3.20.3/quarkus-transaction-annotations-3.20.3.jar:/Users/ahenning/.m2/repository/io/quarkus/quarkus-datasource-common/3.20.3/quarkus-datasource-common-3.20.3.jar:/Users/ahenning/.m2/repository/io/smallrye/smallrye-context-propagation-jta/2.2.1/smallrye-context-propagation-jta-2.2.1.jar:/Users/ahenning/.m2/repository/io/smallrye/reactive/smallrye-reactive-converter-api/3.0.3/smallrye-reactive-converter-api-3.0.3.jar:/Users/ahenning/.m2/repository/io/smallrye/reactive/smallrye-reactive-converter-mutiny/3.0.3/smallrye-reactive-converter-mutiny-3.0.3.jar:/Users/ahenning/.m2/repository/io/smallrye/reactive/mutiny-zero-flow-adapters/1.1.1/mutiny-zero-flow-adapters-1.1.1.jar:/Users/ahenning/.m2/repository/org/jboss/narayana/jta/narayana-jta/7.2.2.Final/narayana-jta-7.2.2.Final.jar:/Users/ahenning/.m2/repository/jakarta/resource/jakarta.resource-api/2.0.0/jakarta.resource-api-2.0.0.jar:/Users/ahenning/.m2/repository/org/jboss/invocation/jboss-invocation/2.0.0.Final/jboss-invocation-2.0.0.Final.jar:/Users/ahenning/.m2/repository/org/eclipse/microprofile/reactive-streams-operators/microprofile-reactive-streams-operators-api/3.0/microprofile-reactive-streams-operators-api-3.0.jar:/Users/ahenning/.m2/repository/org/jboss/narayana/jts/narayana-jts-integration/7.2.2.Final/narayana-jts-integration-7.2.2.Final.jar:/Users/ahenning/.m2/repository/org/hibernate/orm/hibernate-core/6.6.28.Final/hibernate-core-6.6.28.Final.jar:/Users/ahenning/.m2/repository/com/fasterxml/classmate/1.5.1/classmate-1.5.1.jar:/Users/ahenning/.m2/repository/org/hibernate/common/hibernate-commons-annotations/7.0.3.Final/hibernate-commons-annotations-7.0.3.Final.jar:/Users/ahenning/.m2/repository/org/hibernate/orm/hibernate-graalvm/6.6.28.Final/hibernate-graalvm-6.6.28.Final.jar:/Users/ahenning/.m2/repository/org/glassfish/jaxb/jaxb-runtime/4.0.5/jaxb-runtime-4.0.5.jar:/Users/ahenning/.m2/repository/org/glassfish/jaxb/jaxb-core/4.0.5/jaxb-core-4.0.5.jar:/Users/ahenning/.m2/repository/jakarta/persistence/jakarta.persistence-api/3.1.0/jakarta.persistence-api-3.1.0.jar:/Users/ahenning/.m2/repository/org/hibernate/quarkus-local-cache/0.3.1/quarkus-local-cache-0.3.1.jar:/Users/ahenning/.m2/repository/io/quarkus/quarkus-caffeine/3.20.3/quarkus-caffeine-3.20.3.jar:/Users/ahenning/.m2/repository/io/quarkus/quarkus-agroal/3.20.3/quarkus-agroal-3.20.3.jar:/Users/ahenning/.m2/repository/io/quarkus/quarkus-datasource/3.20.3/quarkus-datasource-3.20.3.jar:/Users/ahenning/.m2/repository/io/agroal/agroal-api/2.7.1/agroal-api-2.7.1.jar:/Users/ahenning/.m2/repository/io/agroal/agroal-narayana/2.7.1/agroal-narayana-2.7.1.jar:/Users/ahenning/.m2/repository/org/jboss/jboss-transaction-spi/8.0.0.Final/jboss-transaction-spi-8.0.0.Final.jar:/Users/ahenning/.m2/repository/io/agroal/agroal-pool/2.7.1/agroal-pool-2.7.1.jar:/Users/ahenning/.m2/repository/io/quarkus/quarkus-jdbc-h2/3.20.3/quarkus-jdbc-h2-3.20.3.jar:/Users/ahenning/.m2/repository/com/h2database/h2/2.3.230/h2-2.3.230.jar:/Users/ahenning/.m2/repository/org/locationtech/jts/jts-core/1.19.0/jts-core-1.19.0.jar:/Users/ahenning/.m2/repository/io/quarkus/quarkus-jdbc-postgresql/3.20.3/quarkus-jdbc-postgresql-3.20.3.jar:/Users/ahenning/.m2/repository/org/postgresql/postgresql/42.7.7/postgresql-42.7.7.jar:/Users/ahenning/.m2/repository/io/quarkus/quarkus-jdbc-mariadb/3.20.3/quarkus-jdbc-mariadb-3.20.3.jar:/Users/ahenning/.m2/repository/org/mariadb/jdbc/mariadb-java-client/3.5.5/mariadb-java-client-3.5.5.jar:/Users/ahenning/.m2/repository/io/quarkus/quarkus-jdbc-mysql/3.20.3/quarkus-jdbc-mysql-3.20.3.jar:/Users/ahenning/.m2/repository/com/mysql/mysql-connector-j/8.3.0/mysql-connector-j-8.3.0.jar:/Users/ahenning/.m2/repository/io/quarkus/quarkus-jdbc-mssql/3.20.3/quarkus-jdbc-mssql-3.20.3.jar:/Users/ahenning/.m2/repository/com/microsoft/sqlserver/mssql-jdbc/12.8.1.jre11/mssql-jdbc-12.8.1.jre11.jar:/Users/ahenning/.m2/repository/org/antlr/antlr4-runtime/4.13.0/antlr4-runtime-4.13.0.jar:/Users/ahenning/.m2/repository/io/quarkus/quarkus-jdbc-oracle/3.20.3/quarkus-jdbc-oracle-3.20.3.jar:/Users/ahenning/.m2/repository/io/quarkus/quarkus-core/3.20.3/quarkus-core-3.20.3.jar:/Users/ahenning/.m2/repository/jakarta/annotation/jakarta.annotation-api/3.0.0/jakarta.annotation-api-3.0.0.jar:/Users/ahenning/.m2/repository/jakarta/inject/jakarta.inject-api/2.0.1/jakarta.inject-api-2.0.1.jar:/Users/ahenning/.m2/repository/io/smallrye/common/smallrye-common-os/2.12.0/smallrye-common-os-2.12.0.jar:/Users/ahenning/.m2/repository/io/quarkus/quarkus-ide-launcher/3.20.3/quarkus-ide-launcher-3.20.3.jar:/Users/ahenning/.m2/repository/io/quarkus/quarkus-development-mode-spi/3.20.3/quarkus-development-mode-spi-3.20.3.jar:/Users/ahenning/.m2/repository/io/smallrye/config/smallrye-config/3.11.4/smallrye-config-3.11.4.jar:/Users/ahenning/.m2/repository/io/smallrye/config/smallrye-config-core/3.11.4/smallrye-config-core-3.11.4.jar:/Users/ahenning/.m2/repository/org/eclipse/microprofile/config/microprofile-config-api/3.1/microprofile-config-api-3.1.jar:/Users/ahenning/.m2/repository/io/smallrye/common/smallrye-common-classloader/2.10.0/smallrye-common-classloader-2.10.0.jar:/Users/ahenning/.m2/repository/io/smallrye/config/smallrye-config-common/3.11.4/smallrye-config-common-3.11.4.jar:/Users/ahenning/.m2/repository/org/jboss/logging/jboss-logging/3.6.1.Final/jboss-logging-3.6.1.Final.jar:/Users/ahenning/.m2/repository/org/jboss/logmanager/jboss-logmanager/3.1.2.Final/jboss-logmanager-3.1.2.Final.jar:/Users/ahenning/.m2/repository/io/smallrye/common/smallrye-common-cpu/2.2.0/smallrye-common-cpu-2.2.0.jar:/Users/ahenning/.m2/repository/io/smallrye/common/smallrye-common-expression/2.2.0/smallrye-common-expression-2.2.0.jar:/Users/ahenning/.m2/repository/io/smallrye/common/smallrye-common-net/2.2.0/smallrye-common-net-2.2.0.jar:/Users/ahenning/.m2/repository/io/smallrye/common/smallrye-common-ref/2.2.0/smallrye-common-ref-2.2.0.jar:/Users/ahenning/.m2/repository/jakarta/json/jakarta.json-api/2.1.3/jakarta.json-api-2.1.3.jar:/Users/ahenning/.m2/repository/org/jboss/logging/jboss-logging-annotations/3.0.4.Final/jboss-logging-annotations-3.0.4.Final.jar:/Users/ahenning/.m2/repository/org/jboss/threads/jboss-threads/3.8.0.Final/jboss-threads-3.8.0.Final.jar:/Users/ahenning/.m2/repository/io/smallrye/common/smallrye-common-function/2.6.0/smallrye-common-function-2.6.0.jar:/Users/ahenning/.m2/repository/org/jboss/slf4j/slf4j-jboss-logmanager/2.0.0.Final/slf4j-jboss-logmanager-2.0.0.Final.jar:/Users/ahenning/.m2/repository/org/wildfly/common/wildfly-common/2.0.1/wildfly-common-2.0.1.jar:/Users/ahenning/.m2/repository/io/quarkus/quarkus-bootstrap-runner/3.20.3/quarkus-bootstrap-runner-3.20.3.jar:/Users/ahenning/.m2/repository/io/quarkus/quarkus-classloader-commons/3.20.3/quarkus-classloader-commons-3.20.3.jar:/Users/ahenning/.m2/repository/io/smallrye/common/smallrye-common-io/2.12.0/smallrye-common-io-2.12.0.jar:/Users/ahenning/.m2/repository/io/quarkus/quarkus-fs-util/0.0.10/quarkus-fs-util-0.0.10.jar:/Users/ahenning/.m2/repository/io/quarkus/quarkus-smallrye-health/3.20.3/quarkus-smallrye-health-3.20.3.jar:/Users/ahenning/.m2/repository/io/smallrye/smallrye-health/4.2.0/smallrye-health-4.2.0.jar:/Users/ahenning/.m2/repository/org/eclipse/microprofile/health/microprofile-health-api/4.0.1/microprofile-health-api-4.0.1.jar:/Users/ahenning/.m2/repository/io/smallrye/smallrye-health-api/4.2.0/smallrye-health-api-4.2.0.jar:/Users/ahenning/.m2/repository/io/smallrye/smallrye-health-provided-checks/4.2.0/smallrye-health-provided-checks-4.2.0.jar:/Users/ahenning/.m2/repository/io/quarkus/quarkus-micrometer/3.20.3/quarkus-micrometer-3.20.3.jar:/Users/ahenning/.m2/repository/io/micrometer/micrometer-core/1.14.5/micrometer-core-1.14.5.jar:/Users/ahenning/.m2/repository/io/micrometer/micrometer-commons/1.14.5/micrometer-commons-1.14.5.jar:/Users/ahenning/.m2/repository/io/micrometer/micrometer-observation/1.14.5/micrometer-observation-1.14.5.jar:/Users/ahenning/.m2/repository/org/hdrhistogram/HdrHistogram/2.2.2/HdrHistogram-2.2.2.jar:/Users/ahenning/.m2/repository/org/latencyutils/LatencyUtils/2.0.3/LatencyUtils-2.0.3.jar:/Users/ahenning/.m2/repository/io/quarkus/quarkus-micrometer-registry-prometheus/3.20.3/quarkus-micrometer-registry-prometheus-3.20.3.jar:/Users/ahenning/.m2/repository/io/micrometer/micrometer-registry-prometheus-simpleclient/1.14.5/micrometer-registry-prometheus-simpleclient-1.14.5.jar:/Users/ahenning/.m2/repository/io/prometheus/simpleclient_common/0.16.0/simpleclient_common-0.16.0.jar:/Users/ahenning/.m2/repository/io/prometheus/simpleclient/0.16.0/simpleclient-0.16.0.jar:/Users/ahenning/.m2/repository/io/prometheus/simpleclient_tracer_otel/0.16.0/simpleclient_tracer_otel-0.16.0.jar:/Users/ahenning/.m2/repository/io/prometheus/simpleclient_tracer_common/0.16.0/simpleclient_tracer_common-0.16.0.jar:/Users/ahenning/.m2/repository/io/prometheus/simpleclient_tracer_otel_agent/0.16.0/simpleclient_tracer_otel_agent-0.16.0.jar:/Users/ahenning/.m2/repository/io/quarkus/quarkus-logging-json/3.20.3/quarkus-logging-json-3.20.3.jar:/Users/ahenning/.m2/repository/io/quarkus/quarkus-opentelemetry/3.20.3/quarkus-opentelemetry-3.20.3.jar:/Users/ahenning/.m2/repository/io/quarkus/quarkus-grpc-common/3.20.3/quarkus-grpc-common-3.20.3.jar:/Users/ahenning/.m2/repository/io/vertx/vertx-grpc/4.5.21/vertx-grpc-4.5.21.jar:/Users/ahenning/.m2/repository/io/grpc/grpc-netty/1.65.0/grpc-netty-1.65.0.jar:/Users/ahenning/.m2/repository/io/grpc/grpc-util/1.65.0/grpc-util-1.65.0.jar:/Users/ahenning/.m2/repository/io/grpc/grpc-protobuf/1.65.0/grpc-protobuf-1.65.0.jar:/Users/ahenning/.m2/repository/com/google/protobuf/protobuf-java/3.25.1/protobuf-java-3.25.1.jar:/Users/ahenning/.m2/repository/com/google/api/grpc/proto-google-common-protos/2.29.0/proto-google-common-protos-2.29.0.jar:/Users/ahenning/.m2/repository/io/grpc/grpc-protobuf-lite/1.65.0/grpc-protobuf-lite-1.65.0.jar:/Users/ahenning/.m2/repository/io/vertx/vertx-grpc-server/4.5.21/vertx-grpc-server-4.5.21.jar:/Users/ahenning/.m2/repository/io/grpc/grpc-core/1.69.1/grpc-core-1.69.1.jar:/Users/ahenning/.m2/repository/com/google/code/gson/gson/2.11.0/gson-2.11.0.jar:/Users/ahenning/.m2/repository/com/google/errorprone/error_prone_annotations/2.30.0/error_prone_annotations-2.30.0.jar:/Users/ahenning/.m2/repository/io/perfmark/perfmark-api/0.27.0/perfmark-api-0.27.0.jar:/Users/ahenning/.m2/repository/io/grpc/grpc-context/1.69.1/grpc-context-1.69.1.jar:/Users/ahenning/.m2/repository/io/opentelemetry/opentelemetry-sdk-extension-autoconfigure/1.44.1/opentelemetry-sdk-extension-autoconfigure-1.44.1.jar:/Users/ahenning/.m2/repository/io/opentelemetry/opentelemetry-sdk/1.44.1/opentelemetry-sdk-1.44.1.jar:/Users/ahenning/.m2/repository/io/opentelemetry/opentelemetry-sdk-common/1.44.1/opentelemetry-sdk-common-1.44.1.jar:/Users/ahenning/.m2/repository/io/opentelemetry/opentelemetry-sdk-trace/1.44.1/opentelemetry-sdk-trace-1.44.1.jar:/Users/ahenning/.m2/repository/io/opentelemetry/opentelemetry-sdk-metrics/1.44.1/opentelemetry-sdk-metrics-1.44.1.jar:/Users/ahenning/.m2/repository/io/opentelemetry/opentelemetry-sdk-logs/1.44.1/opentelemetry-sdk-logs-1.44.1.jar:/Users/ahenning/.m2/repository/io/opentelemetry/opentelemetry-sdk-extension-autoconfigure-spi/1.44.1/opentelemetry-sdk-extension-autoconfigure-spi-1.44.1.jar:/Users/ahenning/.m2/repository/io/opentelemetry/semconv/opentelemetry-semconv/1.28.0-alpha/opentelemetry-semconv-1.28.0-alpha.jar:/Users/ahenning/.m2/repository/io/opentelemetry/semconv/opentelemetry-semconv-incubating/1.29.0-alpha/opentelemetry-semconv-incubating-1.29.0-alpha.jar:/Users/ahenning/.m2/repository/io/opentelemetry/opentelemetry-api-incubator/1.44.1-alpha/opentelemetry-api-incubator-1.44.1-alpha.jar:/Users/ahenning/.m2/repository/io/opentelemetry/instrumentation/opentelemetry-instrumentation-api/2.10.0/opentelemetry-instrumentation-api-2.10.0.jar:/Users/ahenning/.m2/repository/io/opentelemetry/instrumentation/opentelemetry-instrumentation-annotations/2.10.0/opentelemetry-instrumentation-annotations-2.10.0.jar:/Users/ahenning/.m2/repository/io/opentelemetry/instrumentation/opentelemetry-instrumentation-annotations-support/2.10.0-alpha/opentelemetry-instrumentation-annotations-support-2.10.0-alpha.jar:/Users/ahenning/.m2/repository/io/opentelemetry/instrumentation/opentelemetry-instrumentation-api-incubator/2.10.0-alpha/opentelemetry-instrumentation-api-incubator-2.10.0-alpha.jar:/Users/ahenning/.m2/repository/io/opentelemetry/opentelemetry-exporter-otlp-common/1.44.1/opentelemetry-exporter-otlp-common-1.44.1.jar:/Users/ahenning/.m2/repository/io/opentelemetry/opentelemetry-exporter-common/1.44.1/opentelemetry-exporter-common-1.44.1.jar:/Users/ahenning/.m2/repository/io/opentelemetry/opentelemetry-exporter-otlp/1.44.1/opentelemetry-exporter-otlp-1.44.1.jar:/Users/ahenning/.m2/repository/io/opentelemetry/opentelemetry-exporter-sender-okhttp/1.44.1/opentelemetry-exporter-sender-okhttp-1.44.1.jar:/Users/ahenning/.m2/repository/io/opentelemetry/instrumentation/opentelemetry-runtime-telemetry-java17/2.10.0-alpha/opentelemetry-runtime-telemetry-java17-2.10.0-alpha.jar:/Users/ahenning/.m2/repository/io/opentelemetry/instrumentation/opentelemetry-runtime-telemetry-java8/2.10.0-alpha/opentelemetry-runtime-telemetry-java8-2.10.0-alpha.jar:/Users/ahenning/.m2/repository/io/vertx/vertx-grpc-client/4.5.21/vertx-grpc-client-4.5.21.jar:/Users/ahenning/.m2/repository/io/vertx/vertx-grpc-common/4.5.21/vertx-grpc-common-4.5.21.jar:/Users/ahenning/.m2/repository/io/grpc/grpc-stub/1.65.0/grpc-stub-1.65.0.jar:/Users/ahenning/.m2/repository/io/grpc/grpc-api/1.65.0/grpc-api-1.65.0.jar:/Users/ahenning/.m2/repository/io/opentelemetry/instrumentation/opentelemetry-jdbc/2.10.0-alpha/opentelemetry-jdbc-2.10.0-alpha.jar:/Users/ahenning/.m2/repository/io/opentelemetry/opentelemetry-api/1.44.1/opentelemetry-api-1.44.1.jar:/Users/ahenning/.m2/repository/io/opentelemetry/opentelemetry-context/1.44.1/opentelemetry-context-1.44.1.jar:/Users/ahenning/.m2/repository/io/opentelemetry/instrumentation/opentelemetry-apache-httpclient-4.3/2.10.0-alpha/opentelemetry-apache-httpclient-4.3-2.10.0-alpha.jar:/Users/ahenning/.m2/repository/com/apicatalog/titanium-json-ld/1.3.3/titanium-json-ld-1.3.3.jar:/Users/ahenning/.m2/repository/io/setl/rdf-urdna/1.1/rdf-urdna-1.1.jar:/Users/ahenning/.m2/repository/io/smallrye/config/smallrye-config-source-keystore/3.11.4/smallrye-config-source-keystore-3.11.4.jar:/Users/ahenning/.m2/repository/info/picocli/picocli/4.7.6/picocli-4.7.6.jar:/Users/ahenning/.m2/repository/org/keycloak/keycloak-services/26.3.5/keycloak-services-26.3.5.jar:/Users/ahenning/.m2/repository/org/keycloak/keycloak-common/26.3.5/keycloak-common-26.3.5.jar:/Users/ahenning/.m2/repository/org/keycloak/keycloak-core/26.3.5/keycloak-core-26.3.5.jar:/Users/ahenning/.m2/repository/org/keycloak/keycloak-crypto-default/26.3.5/keycloak-crypto-default-26.3.5.jar:/Users/ahenning/.m2/repository/org/bouncycastle/bcprov-jdk18on/1.81/bcprov-jdk18on-1.81.jar:/Users/ahenning/.m2/repository/org/bouncycastle/bcpkix-jdk18on/1.81/bcpkix-jdk18on-1.81.jar:/Users/ahenning/.m2/repository/org/bouncycastle/bcutil-jdk18on/1.81/bcutil-jdk18on-1.81.jar:/Users/ahenning/.m2/repository/org/keycloak/keycloak-crypto-fips1402/26.3.5/keycloak-crypto-fips1402-26.3.5.jar:/Users/ahenning/.m2/repository/org/keycloak/keycloak-server-spi-private/26.3.5/keycloak-server-spi-private-26.3.5.jar:/Users/ahenning/.m2/repository/org/keycloak/keycloak-themes/26.3.5/keycloak-themes-26.3.5.jar:/Users/ahenning/.m2/repository/org/keycloak/keycloak-themes-vendor/26.3.5/keycloak-themes-vendor-26.3.5.jar:/Users/ahenning/.m2/repository/org/keycloak/keycloak-saml-core-public/26.3.5/keycloak-saml-core-public-26.3.5.jar:/Users/ahenning/.m2/repository/org/keycloak/keycloak-saml-core/26.3.5/keycloak-saml-core-26.3.5.jar:/Users/ahenning/.m2/repository/org/keycloak/keycloak-model-jpa/26.3.5/keycloak-model-jpa-26.3.5.jar:/Users/ahenning/.m2/repository/org/keycloak/keycloak-model-infinispan/26.3.5/keycloak-model-infinispan-26.3.5.jar:/Users/ahenning/.m2/repository/org/keycloak/keycloak-model-storage/26.3.5/keycloak-model-storage-26.3.5.jar:/Users/ahenning/.m2/repository/org/keycloak/keycloak-model-storage-private/26.3.5/keycloak-model-storage-private-26.3.5.jar:/Users/ahenning/.m2/repository/org/keycloak/keycloak-model-storage-services/26.3.5/keycloak-model-storage-services-26.3.5.jar:/Users/ahenning/.m2/repository/org/keycloak/keycloak-authz-policy-common/26.3.5/keycloak-authz-policy-common-26.3.5.jar:/Users/ahenning/.m2/repository/org/keycloak/keycloak-kerberos-federation/26.3.5/keycloak-kerberos-federation-26.3.5.jar:/Users/ahenning/.m2/repository/org/keycloak/keycloak-sssd-federation/26.3.5/keycloak-sssd-federation-26.3.5.jar:/Users/ahenning/.m2/repository/org/keycloak/keycloak-ldap-federation/26.3.5/keycloak-ldap-federation-26.3.5.jar:/Users/ahenning/.m2/repository/org/keycloak/keycloak-ipatuura-federation/26.3.5/keycloak-ipatuura-federation-26.3.5.jar:/Users/ahenning/.m2/repository/org/keycloak/keycloak-config-api/26.3.5/keycloak-config-api-26.3.5.jar:/Users/ahenning/.m2/repository/org/keycloak/keycloak-account-ui/26.3.5/keycloak-account-ui-26.3.5.jar:/Users/ahenning/.m2/repository/org/keycloak/keycloak-admin-ui/26.3.5/keycloak-admin-ui-26.3.5.jar:/Users/ahenning/.m2/repository/org/keycloak/keycloak-rest-admin-ui-ext/26.3.5/keycloak-rest-admin-ui-ext-26.3.5.jar:/Users/ahenning/.m2/repository/org/jboss/logging/commons-logging-jboss-logging/1.0.0.Final/commons-logging-jboss-logging-1.0.0.Final.jar:/Users/ahenning/.m2/repository/commons-io/commons-io/2.18.0/commons-io-2.18.0.jar:/Users/ahenning/.m2/repository/com/webauthn4j/webauthn4j-core/0.29.3.RELEASE/webauthn4j-core-0.29.3.RELEASE.jar:/Users/ahenning/.m2/repository/com/webauthn4j/webauthn4j-util/0.29.3.RELEASE/webauthn4j-util-0.29.3.RELEASE.jar:/Users/ahenning/.m2/repository/com/fasterxml/jackson/dataformat/jackson-dataformat-cbor/2.18.2/jackson-dataformat-cbor-2.18.2.jar:/Users/ahenning/.m2/repository/org/apache/kerby/kerby-asn1/2.0.3/kerby-asn1-2.0.3.jar:/Users/ahenning/.m2/repository/org/freemarker/freemarker/2.3.32/freemarker-2.3.32.jar:/Users/ahenning/.m2/repository/com/google/guava/guava/33.4.0-jre/guava-33.4.0-jre.jar:/Users/ahenning/.m2/repository/com/googlecode/owasp-java-html-sanitizer/owasp-java-html-sanitizer/20240325.1/owasp-java-html-sanitizer-20240325.1.jar:/Users/ahenning/.m2/repository/com/googlecode/owasp-java-html-sanitizer/java8-shim/20240325.1/java8-shim-20240325.1.jar:/Users/ahenning/.m2/repository/com/googlecode/owasp-java-html-sanitizer/java10-shim/20240325.1/java10-shim-20240325.1.jar:/Users/ahenning/.m2/repository/org/apache/httpcomponents/httpcore/4.4.16/httpcore-4.4.16.jar:/Users/ahenning/.m2/repository/org/apache/httpcomponents/httpclient/4.5.14/httpclient-4.5.14.jar:/Users/ahenning/.m2/repository/com/github/ua-parser/uap-java/1.5.4/uap-java-1.5.4.jar:/Users/ahenning/.m2/repository/org/yaml/snakeyaml/2.0/snakeyaml-2.0.jar:/Users/ahenning/.m2/repository/org/snakeyaml/snakeyaml-engine/2.6/snakeyaml-engine-2.6.jar:/Users/ahenning/.m2/repository/com/google/zxing/core/3.4.0/core-3.4.0.jar:/Users/ahenning/.m2/repository/com/google/zxing/javase/3.4.0/javase-3.4.0.jar:/Users/ahenning/.m2/repository/jakarta/mail/jakarta.mail-api/2.1.1/jakarta.mail-api-2.1.1.jar:/Users/ahenning/.m2/repository/jakarta/activation/jakarta.activation-api/2.1.1/jakarta.activation-api-2.1.1.jar:/Users/ahenning/.m2/repository/org/eclipse/angus/angus-mail/2.0.4/angus-mail-2.0.4.jar:/Users/ahenning/.m2/repository/org/eclipse/angus/angus-activation/2.0.2/angus-activation-2.0.2.jar:/Users/ahenning/.m2/repository/jakarta/xml/soap/jakarta.xml.soap-api/3.0.0/jakarta.xml.soap-api-3.0.0.jar:/Users/ahenning/.m2/repository/com/sun/xml/messaging/saaj/saaj-impl/2.0.1/saaj-impl-2.0.1.jar:/Users/ahenning/.m2/repository/org/jvnet/staxex/stax-ex/2.0.1/stax-ex-2.0.1.jar:/Users/ahenning/.m2/repository/com/sun/activation/jakarta.activation/2.0.1/jakarta.activation-2.0.1.jar:/Users/ahenning/.m2/repository/org/apache/santuario/xmlsec/2.2.6/xmlsec-2.2.6.jar:/Users/ahenning/.m2/repository/commons-codec/commons-codec/1.15/commons-codec-1.15.jar:/Users/ahenning/.m2/repository/org/apache/commons/commons-lang3/3.18.0/commons-lang3-3.18.0.jar:/Users/ahenning/.m2/repository/org/liquibase/liquibase-core/4.29.1/liquibase-core-4.29.1.jar:/Users/ahenning/.m2/repository/com/opencsv/opencsv/5.9/opencsv-5.9.jar:/Users/ahenning/.m2/repository/javax/xml/bind/jaxb-api/2.3.1/jaxb-api-2.3.1.jar:/Users/ahenning/.m2/repository/org/apache/commons/commons-collections4/4.4/commons-collections4-4.4.jar:/Users/ahenning/.m2/repository/org/infinispan/infinispan-commons/15.0.19.Final/infinispan-commons-15.0.19.Final.jar:/Users/ahenning/.m2/repository/org/infinispan/protostream/protostream/5.0.14.Final/protostream-5.0.14.Final.jar:/Users/ahenning/.m2/repository/com/fasterxml/jackson/core/jackson-core/2.18.1/jackson-core-2.18.1.jar:/Users/ahenning/.m2/repository/org/infinispan/protostream/protostream-types/5.0.14.Final/protostream-types-5.0.14.Final.jar:/Users/ahenning/.m2/repository/com/github/ben-manes/caffeine/caffeine/3.1.8/caffeine-3.1.8.jar:/Users/ahenning/.m2/repository/io/reactivex/rxjava3/rxjava/3.1.10/rxjava-3.1.10.jar:/Users/ahenning/.m2/repository/org/reactivestreams/reactive-streams/1.0.4/reactive-streams-1.0.4.jar:/Users/ahenning/.m2/repository/org/infinispan/infinispan-core/15.0.19.Final/infinispan-core-15.0.19.Final.jar:/Users/ahenning/.m2/repository/org/jgroups/jgroups/5.3.16.Final/jgroups-5.3.16.Final.jar:/Users/ahenning/.m2/repository/org/infinispan/infinispan-api/15.0.19.Final/infinispan-api-15.0.19.Final.jar:/Users/ahenning/.m2/repository/org/infinispan/infinispan-cachestore-remote/15.0.19.Final/infinispan-cachestore-remote-15.0.19.Final.jar:/Users/ahenning/.m2/repository/org/infinispan/infinispan-client-hotrod/15.0.19.Final/infinispan-client-hotrod-15.0.19.Final.jar:/Users/ahenning/.m2/repository/org/wildfly/security/wildfly-elytron-sasl-digest/2.6.2.Final/wildfly-elytron-sasl-digest-2.6.2.Final.jar:/Users/ahenning/.m2/repository/org/wildfly/security/wildfly-elytron-auth-server/2.6.2.Final/wildfly-elytron-auth-server-2.6.2.Final.jar:/Users/ahenning/.m2/repository/org/wildfly/security/wildfly-elytron-auth/2.6.2.Final/wildfly-elytron-auth-2.6.2.Final.jar:/Users/ahenning/.m2/repository/org/wildfly/security/wildfly-elytron-base/2.6.2.Final/wildfly-elytron-base-2.6.2.Final.jar:/Users/ahenning/.m2/repository/org/wildfly/security/wildfly-elytron-permission/2.6.2.Final/wildfly-elytron-permission-2.6.2.Final.jar:/Users/ahenning/.m2/repository/org/wildfly/security/wildfly-elytron-x500/2.6.2.Final/wildfly-elytron-x500-2.6.2.Final.jar:/Users/ahenning/.m2/repository/org/wildfly/security/wildfly-elytron-credential/2.6.2.Final/wildfly-elytron-credential-2.6.2.Final.jar:/Users/ahenning/.m2/repository/org/wildfly/security/wildfly-elytron-keystore/2.6.2.Final/wildfly-elytron-keystore-2.6.2.Final.jar:/Users/ahenning/.m2/repository/org/wildfly/security/wildfly-elytron-x500-cert/2.6.2.Final/wildfly-elytron-x500-cert-2.6.2.Final.jar:/Users/ahenning/.m2/repository/org/wildfly/security/wildfly-elytron-x500-cert-util/2.6.2.Final/wildfly-elytron-x500-cert-util-2.6.2.Final.jar:/Users/ahenning/.m2/repository/org/wildfly/security/wildfly-elytron-provider-util/2.6.2.Final/wildfly-elytron-provider-util-2.6.2.Final.jar:/Users/ahenning/.m2/repository/org/wildfly/security/wildfly-elytron-mechanism/2.6.2.Final/wildfly-elytron-mechanism-2.6.2.Final.jar:/Users/ahenning/.m2/repository/org/wildfly/security/wildfly-elytron-http/2.6.2.Final/wildfly-elytron-http-2.6.2.Final.jar:/Users/ahenning/.m2/repository/org/wildfly/security/wildfly-elytron-mechanism-digest/2.6.2.Final/wildfly-elytron-mechanism-digest-2.6.2.Final.jar:/Users/ahenning/.m2/repository/org/wildfly/security/wildfly-elytron-sasl/2.6.2.Final/wildfly-elytron-sasl-2.6.2.Final.jar:/Users/ahenning/.m2/repository/org/wildfly/security/wildfly-elytron-ssl/2.6.2.Final/wildfly-elytron-ssl-2.6.2.Final.jar:/Users/ahenning/.m2/repository/org/wildfly/security/wildfly-elytron-util/2.6.2.Final/wildfly-elytron-util-2.6.2.Final.jar:/Users/ahenning/.m2/repository/org/wildfly/security/wildfly-elytron-sasl-external/2.6.2.Final/wildfly-elytron-sasl-external-2.6.2.Final.jar:/Users/ahenning/.m2/repository/org/wildfly/security/wildfly-elytron-sasl-gs2/2.6.2.Final/wildfly-elytron-sasl-gs2-2.6.2.Final.jar:/Users/ahenning/.m2/repository/org/wildfly/security/wildfly-elytron-asn1/2.6.2.Final/wildfly-elytron-asn1-2.6.2.Final.jar:/Users/ahenning/.m2/repository/org/wildfly/security/wildfly-elytron-mechanism-gssapi/2.6.2.Final/wildfly-elytron-mechanism-gssapi-2.6.2.Final.jar:/Users/ahenning/.m2/repository/org/wildfly/security/wildfly-elytron-security-manager-action/2.6.2.Final/wildfly-elytron-security-manager-action-2.6.2.Final.jar:/Users/ahenning/.m2/repository/org/wildfly/security/wildfly-elytron-sasl-gssapi/2.6.2.Final/wildfly-elytron-sasl-gssapi-2.6.2.Final.jar:/Users/ahenning/.m2/repository/org/wildfly/security/wildfly-elytron-sasl-oauth2/2.6.2.Final/wildfly-elytron-sasl-oauth2-2.6.2.Final.jar:/Users/ahenning/.m2/repository/org/wildfly/security/wildfly-elytron-mechanism-oauth2/2.6.2.Final/wildfly-elytron-mechanism-oauth2-2.6.2.Final.jar:/Users/ahenning/.m2/repository/org/wildfly/security/wildfly-elytron-sasl-plain/2.6.2.Final/wildfly-elytron-sasl-plain-2.6.2.Final.jar:/Users/ahenning/.m2/repository/org/wildfly/security/wildfly-elytron-sasl-scram/2.6.2.Final/wildfly-elytron-sasl-scram-2.6.2.Final.jar:/Users/ahenning/.m2/repository/org/wildfly/security/wildfly-elytron-mechanism-scram/2.6.2.Final/wildfly-elytron-mechanism-scram-2.6.2.Final.jar:/Users/ahenning/.m2/repository/org/wildfly/security/wildfly-elytron-password-impl/2.6.2.Final/wildfly-elytron-password-impl-2.6.2.Final.jar:/Users/ahenning/.m2/repository/io/netty/netty-resolver-dns/4.1.119.Final/netty-resolver-dns-4.1.119.Final.jar:/Users/ahenning/.m2/repository/io/netty/netty-codec-dns/4.1.119.Final/netty-codec-dns-4.1.119.Final.jar:/Users/ahenning/.m2/repository/io/netty/netty-transport-native-epoll/4.1.119.Final/netty-transport-native-epoll-4.1.119.Final-linux-x86_64.jar:/Users/ahenning/.m2/repository/io/netty/netty-transport-classes-epoll/4.1.119.Final/netty-transport-classes-epoll-4.1.119.Final.jar:/Users/ahenning/.m2/repository/io/netty/netty-transport-native-epoll/4.1.119.Final/netty-transport-native-epoll-4.1.119.Final-linux-aarch_64.jar:/Users/ahenning/.m2/repository/org/infinispan/infinispan-multimap/15.0.19.Final/infinispan-multimap-15.0.19.Final.jar:/Users/ahenning/.m2/repository/org/infinispan/infinispan-remote-query-client/15.0.19.Final/infinispan-remote-query-client-15.0.19.Final.jar:/Users/ahenning/.m2/repository/org/infinispan/infinispan-query-dsl/15.0.19.Final/infinispan-query-dsl-15.0.19.Final.jar:/Users/ahenning/.m2/repository/jakarta/xml/bind/jakarta.xml.bind-api/4.0.2/jakarta.xml.bind-api-4.0.2.jar:/Users/ahenning/.m2/repository/jakarta/transaction/jakarta.transaction-api/2.0.1/jakarta.transaction-api-2.0.1.jar:/Users/ahenning/.m2/repository/org/openjdk/nashorn/nashorn-core/15.4/nashorn-core-15.4.jar:/Users/ahenning/.m2/repository/org/ow2/asm/asm/7.3.1/asm-7.3.1.jar:/Users/ahenning/.m2/repository/org/ow2/asm/asm-commons/7.3.1/asm-commons-7.3.1.jar:/Users/ahenning/.m2/repository/org/ow2/asm/asm-analysis/7.3.1/asm-analysis-7.3.1.jar:/Users/ahenning/.m2/repository/org/ow2/asm/asm-tree/7.3.1/asm-tree-7.3.1.jar:/Users/ahenning/.m2/repository/org/ow2/asm/asm-util/7.3.1/asm-util-7.3.1.jar:/Users/ahenning/.m2/repository/net/java/dev/jna/jna/5.8.0/jna-5.8.0.jar:/Users/ahenning/.m2/repository/org/twitter4j/twitter4j-core/4.1.2/twitter4j-core-4.1.2.jar:/Users/ahenning/.m2/repository/org/keycloak/keycloak-server-spi/26.3.5/keycloak-server-spi-26.3.5.jar:/Users/ahenning/.m2/repository/org/projectlombok/lombok/1.18.38/lombok-1.18.38.jar:/Users/ahenning/.m2/repository/com/google/auto/service/auto-service/1.1.1/auto-service-1.1.1.jar:/Users/ahenning/.m2/repository/com/google/auto/service/auto-service-annotations/1.1.1/auto-service-annotations-1.1.1.jar:/Users/ahenning/.m2/repository/com/google/auto/auto-common/1.2.1/auto-common-1.2.1.jar:/Users/ahenning/.m2/repository/org/assertj/assertj-core/3.24.2/assertj-core-3.24.2.jar:/Users/ahenning/.m2/repository/net/bytebuddy/byte-buddy/1.12.21/byte-buddy-1.12.21.jar:/Users/ahenning/.m2/repository/org/testcontainers/junit-jupiter/1.21.3/junit-jupiter-1.21.3.jar:/Users/ahenning/.m2/repository/org/testcontainers/testcontainers/1.21.3/testcontainers-1.21.3.jar:/Users/ahenning/.m2/repository/junit/junit/4.13.2/junit-4.13.2.jar:/Users/ahenning/.m2/repository/org/hamcrest/hamcrest-core/1.3/hamcrest-core-1.3.jar:/Users/ahenning/.m2/repository/org/apache/commons/commons-compress/1.24.0/commons-compress-1.24.0.jar:/Users/ahenning/.m2/repository/org/rnorth/duct-tape/duct-tape/1.0.8/duct-tape-1.0.8.jar:/Users/ahenning/.m2/repository/org/jetbrains/annotations/17.0.0/annotations-17.0.0.jar:/Users/ahenning/.m2/repository/com/github/docker-java/docker-java-api/3.4.2/docker-java-api-3.4.2.jar:/Users/ahenning/.m2/repository/com/github/docker-java/docker-java-transport-zerodep/3.4.2/docker-java-transport-zerodep-3.4.2.jar:/Users/ahenning/.m2/repository/com/github/docker-java/docker-java-transport/3.4.2/docker-java-transport-3.4.2.jar:/Users/ahenning/.m2/repository/com/github/dasniko/testcontainers-keycloak/3.3.1/testcontainers-keycloak-3.3.1.jar:/Users/ahenning/.m2/repository/io/quarkus/quarkus-junit4-mock/3.8.1/quarkus-junit4-mock-3.8.1.jar:/Users/ahenning/.m2/repository/org/jboss/shrinkwrap/shrinkwrap-api/1.2.6/shrinkwrap-api-1.2.6.jar:/Users/ahenning/.m2/repository/org/jboss/shrinkwrap/shrinkwrap-impl-base/1.2.6/shrinkwrap-impl-base-1.2.6.jar:/Users/ahenning/.m2/repository/org/jboss/shrinkwrap/shrinkwrap-spi/1.2.6/shrinkwrap-spi-1.2.6.jar:/Users/ahenning/.m2/repository/org/slf4j/slf4j-api/2.0.12/slf4j-api-2.0.12.jar:/Users/ahenning/.m2/repository/org/keycloak/keycloak-admin-client/24.0.3/keycloak-admin-client-24.0.3.jar:/Users/ahenning/.m2/repository/org/jboss/resteasy/resteasy-client/6.2.7.Final/resteasy-client-6.2.7.Final.jar:/Users/ahenning/.m2/repository/org/jboss/resteasy/resteasy-client-api/6.2.7.Final/resteasy-client-api-6.2.7.Final.jar:/Users/ahenning/.m2/repository/org/jboss/resteasy/resteasy-core-spi/6.2.7.Final/resteasy-core-spi-6.2.7.Final.jar:/Users/ahenning/.m2/repository/jakarta/validation/jakarta.validation-api/3.0.2/jakarta.validation-api-3.0.2.jar:/Users/ahenning/.m2/repository/org/jboss/resteasy/resteasy-core/6.2.7.Final/resteasy-core-6.2.7.Final.jar:/Users/ahenning/.m2/repository/org/jboss/jandex/2.4.4.Final/jandex-2.4.4.Final.jar:/Users/ahenning/.m2/repository/com/ibm/async/asyncutil/0.1.0/asyncutil-0.1.0.jar:/Users/ahenning/.m2/repository/org/jboss/resteasy/resteasy-multipart-provider/6.2.7.Final/resteasy-multipart-provider-6.2.7.Final.jar:/Users/ahenning/.m2/repository/org/apache/james/apache-mime4j-dom/0.8.9/apache-mime4j-dom-0.8.9.jar:/Users/ahenning/.m2/repository/org/apache/james/apache-mime4j-core/0.8.9/apache-mime4j-core-0.8.9.jar:/Users/ahenning/.m2/repository/org/apache/james/apache-mime4j-storage/0.8.9/apache-mime4j-storage-0.8.9.jar:/Users/ahenning/.m2/repository/org/jboss/resteasy/resteasy-jackson2-provider/6.2.7.Final/resteasy-jackson2-provider-6.2.7.Final.jar:/Users/ahenning/.m2/repository/com/fasterxml/jackson/jakarta/rs/jackson-jakarta-rs-base/2.15.3/jackson-jakarta-rs-base-2.15.3.jar:/Users/ahenning/.m2/repository/com/fasterxml/jackson/jakarta/rs/jackson-jakarta-rs-json-provider/2.15.3/jackson-jakarta-rs-json-provider-2.15.3.jar:/Users/ahenning/.m2/repository/com/fasterxml/jackson/module/jackson-module-jakarta-xmlbind-annotations/2.15.3/jackson-module-jakarta-xmlbind-annotations-2.15.3.jar:/Users/ahenning/.m2/repository/com/github/java-json-tools/json-patch/1.13/json-patch-1.13.jar:/Users/ahenning/.m2/repository/com/github/java-json-tools/msg-simple/1.2/msg-simple-1.2.jar:/Users/ahenning/.m2/repository/com/github/java-json-tools/btf/1.3/btf-1.3.jar:/Users/ahenning/.m2/repository/com/github/java-json-tools/jackson-coreutils/2.0/jackson-coreutils-2.0.jar:/Users/ahenning/.m2/repository/org/jboss/resteasy/resteasy-jaxb-provider/6.2.7.Final/resteasy-jaxb-provider-6.2.7.Final.jar:/Users/ahenning/.m2/repository/org/glassfish/jaxb/codemodel/4.0.3/codemodel-4.0.3.jar:/Users/ahenning/.m2/repository/org/glassfish/jaxb/jaxb-jxc/4.0.3/jaxb-jxc-4.0.3.jar:/Users/ahenning/.m2/repository/org/glassfish/jaxb/txw2/4.0.3/txw2-4.0.3.jar:/Users/ahenning/.m2/repository/org/glassfish/jaxb/jaxb-xjc/4.0.3/jaxb-xjc-4.0.3.jar:/Users/ahenning/.m2/repository/org/glassfish/jaxb/xsom/4.0.3/xsom-4.0.3.jar:/Users/ahenning/.m2/repository/com/sun/istack/istack-commons-runtime/4.1.2/istack-commons-runtime-4.1.2.jar:/Users/ahenning/.m2/repository/com/sun/istack/istack-commons-tools/4.1.2/istack-commons-tools-4.1.2.jar:/Users/ahenning/.m2/repository/com/sun/xml/bind/external/relaxng-datatype/4.0.3/relaxng-datatype-4.0.3.jar:/Users/ahenning/.m2/repository/com/sun/xml/bind/external/rngom/4.0.3/rngom-4.0.3.jar:/Users/ahenning/.m2/repository/org/junit/jupiter/junit-jupiter-api/5.11.0/junit-jupiter-api-5.11.0.jar:/Users/ahenning/.m2/repository/org/opentest4j/opentest4j/1.3.0/opentest4j-1.3.0.jar:/Users/ahenning/.m2/repository/org/junit/platform/junit-platform-commons/1.11.0/junit-platform-commons-1.11.0.jar:/Users/ahenning/.m2/repository/org/apiguardian/apiguardian-api/1.1.2/apiguardian-api-1.1.2.jar:/Users/ahenning/.m2/repository/org/junit/jupiter/junit-jupiter-params/5.11.0/junit-jupiter-params-5.11.0.jar:/Users/ahenning/.m2/repository/jakarta/ws/rs/jakarta.ws.rs-api/3.1.0/jakarta.ws.rs-api-3.1.0.jar:/Users/ahenning/.m2/repository/com/fasterxml/jackson/core/jackson-annotations/2.18.2/jackson-annotations-2.18.2.jar:"/>
    <property name="sun.cpu.endian" value="little"/>
    <property name="user.home" value="/Users/ahenning"/>
    <property name="user.language" value="en"/>
    <property name="java.specification.vendor" value="Oracle Corporation"/>
    <property name="java.version.date" value="2025-09-16"/>
    <property name="java.home" value="/opt/homebrew/Cellar/openjdk/25/libexec/openjdk.jdk/Contents/Home"/>
    <property name="file.separator" value="/"/>
    <property name="basedir" value="/Users/ahenning/Code/github.com/alechenninger/parsec-keycloak"/>
    <property name="java.vm.compressedOopsMode" value="Zero based"/>
    <property name="line.separator" value="&#10;"/>
    <property name="java.vm.specification.vendor" value="Oracle Corporation"/>
    <property name="java.specification.name" value="Java Platform API Specification"/>
    <property name="apple.awt.application.name" value="ForkedBooter"/>
    <property name="surefire.real.class.path" value="/Users/ahenning/Code/github.com/alechenninger/parsec-keycloak/target/surefire/surefirebooter-20251014160144947_3.jar"/>
    <property name="sun.management.compiler" value="HotSpot 64-Bit Tiered Compilers"/>
    <property name="ftp.nonProxyHosts" value="local|*.local|169.254/16|*.169.254/16"/>
    <property name="java.runtime.version" value="25"/>
    <property name="user.name" value="ahenning"/>
    <property name="stdout.encoding" value="UTF-8"/>
    <property name="path.separator" value=":"/>
    <property name="os.version" value="15.7.1"/>
    <property name="java.runtime.name" value="OpenJDK Runtime Environment"/>
    <property name="file.encoding" value="UTF-8"/>
    <property name="java.vm.name" value="OpenJDK 64-Bit Server VM"/>
    <property name="java.vendor.version" value="Homebrew"/>
    <property name="localRepository" value="/Users/ahenning/.m2/repository"/>
    <property name="java.vendor.url.bug" value="https://github.com/Homebrew/homebrew-core/issues"/>
    <property name="java.io.tmpdir" value="/var/folders/0g/8qk101ks3xl4v_w5kqv47r_h0000gn/T/"/>
    <property name="java.version" value="25"/>
    <property name="user.dir" value="/Users/ahenning/Code/github.com/alechenninger/parsec-keycloak"/>
    <property name="os.arch" value="aarch64"/>
    <property name="java.vm.specification.name" value="Java Virtual Machine Specification"/>
    <property name="native.encoding" value="UTF-8"/>
    <property name="java.util.logging.manager" value="org.jboss.logmanager.LogManager"/>
    <property name="java.library.path" value="/Users/ahenning/Library/Java/Extensions:/Library/Java/Extensions:/Network/Library/Java/Extensions:/System/Library/Java/Extensions:/usr/lib/java:."/>
    <property name="java.vm.info" value="mixed mode, sharing"/>
    <property name="stderr.encoding" value="UTF-8"/>
    <property name="java.vendor" value="Homebrew"/>
    <property name="java.vm.version" value="25"/>
    <property name="stdin.encoding" value="UTF-8"/>
    <property name="sun.io.unicode.encoding" value="UnicodeBig"/>
    <property name="socksNonProxyHosts" value="local|*.local|169.254/16|*.169.254/16"/>
    <property name="java.class.version" value="69.0"/>
  </properties>
  <testcase name="testAgeInfoMapperIsLoadedAndAvailable" classname="com.alechenninger.parsec.AppTest" time="0.722">
    <system-out><![CDATA[✓ AgeInfoMapper successfully loaded in Keycloak container
  Provider ID: oidc-acme-ageinfo-mapper
  Provider Details: org.keycloak.representations.info.ProviderRepresentation@7b3cde6f
]]></system-out>
    <system-err><![CDATA[Oct 14, 2025 4:01:54 PM org.jboss.logmanager.JBossLoggerFinder getLogger
ERROR: The LogManager accessed before the "java.util.logging.manager" system property was set to "org.jboss.logmanager.LogManager". Results may be unexpected.
]]></system-err>
  </testcase>
  <testcase name="testAgeInfoMapperCanBeAddedToClient" classname="com.alechenninger.parsec.AppTest" time="0.239">
    <system-out><![CDATA[✓ AgeInfoMapper successfully added to client configuration
  Client: admin-cli
  Mapper Name: test-age-info-mapper
]]></system-out>
  </testcase>
</testsuite>